2022-08-09 08:37:52,311 INFO com.ciandt.summit.bootcamp2022.service.PlaylistServiceImp [main] Buscando playlist com id: 93f7da42-d9e5-4e50-a789-b4f406897dd7
2022-08-09 08:37:52,325 INFO com.ciandt.summit.bootcamp2022.service.PlaylistServiceImp [main] Buscando playlist com id: cb746719-b60e-4c38-9976-f2cbc68581cb
2022-08-09 08:37:52,338 INFO com.ciandt.summit.bootcamp2022.service.PlaylistServiceImp [main] Buscando playlist com id: 93f7da42-d9e5-4e50-a789-b4f406897dd7
2022-08-09 08:37:52,343 INFO com.ciandt.summit.bootcamp2022.service.PlaylistServiceImp [main] Validando payload do RequestBody
2022-08-09 08:37:52,343 ERROR com.ciandt.summit.bootcamp2022.service.PlaylistServiceImp [main] Payload inválido.
2022-08-09 08:37:52,347 INFO com.ciandt.summit.bootcamp2022.service.PlaylistServiceImp [main] Buscando playlist com id: 590aee60-448c-42d1-ad60-c2e82d20d3c6
2022-08-09 08:37:52,352 INFO com.ciandt.summit.bootcamp2022.service.PlaylistServiceImp [main] Buscando playlist com id: cb746719-b60e-4c38-9976-f2cbc68581cb
2022-08-09 08:37:52,353 INFO com.ciandt.summit.bootcamp2022.service.PlaylistServiceImp [main] Validando payload do RequestBody
2022-08-09 08:37:52,356 INFO com.ciandt.summit.bootcamp2022.service.PlaylistServiceImp [main] Buscando playlist com id: 93f7da42-d9e5-4e50-a7-b4f406897dd7
2022-08-09 08:37:52,360 INFO com.ciandt.summit.bootcamp2022.service.PlaylistServiceImp [main] Buscando playlist com id: 92d8123f-e9f6-4806-8e0e-1c6a5d46f2ed
2022-08-09 08:37:52,365 INFO com.ciandt.summit.bootcamp2022.service.PlaylistServiceImp [main] Removendo a musica c96b8f6f-4049-4e6b-8687-82e29c05b735 :: Big Iron Horse da playlist 92d8123f-e9f6-4806-8e0e-1c6a5d46f2ed
2022-08-09 08:37:52,368 INFO com.ciandt.summit.bootcamp2022.service.PlaylistServiceImp [main] Buscando playlist com id: 93f7da42-d9e-4e50-a789-b4f406897dd7
2022-08-09 08:37:52,372 INFO com.ciandt.summit.bootcamp2022.service.PlaylistServiceImp [main] Buscando playlist com id: cb746719-b60e-4c38-9976-f2cbc68581cb
2022-08-09 08:37:52,372 INFO com.ciandt.summit.bootcamp2022.service.PlaylistServiceImp [main] Validando payload do RequestBody
2022-08-09 08:38:27,176 INFO com.ciandt.summit.bootcamp2022.service.PlaylistServiceImp [main] Buscando playlist com id: cb746719-b60e-4c38-9976-f2cbc68581cb
2022-08-09 09:26:16,438 INFO org.springframework.test.context.support.AbstractTestContextBootstrapper [main] Neither @ContextConfiguration nor @ContextHierarchy found for test class [com.ciandt.summit.bootcamp2022.controller.PlaylistControllerTest], using SpringBootContextLoader
2022-08-09 09:26:16,446 INFO org.springframework.test.context.support.AbstractContextLoader [main] Could not detect default resource locations for test class [com.ciandt.summit.bootcamp2022.controller.PlaylistControllerTest]: no resource found for suffixes {-context.xml, Context.groovy}.
2022-08-09 09:26:16,447 INFO org.springframework.test.context.support.AnnotationConfigContextLoaderUtils [main] Could not detect default configuration classes for test class [com.ciandt.summit.bootcamp2022.controller.PlaylistControllerTest]: PlaylistControllerTest does not declare any static, non-private, non-final, nested classes annotated with @Configuration.
2022-08-09 09:26:16,579 INFO org.springframework.boot.test.context.SpringBootTestContextBootstrapper [main] Found @SpringBootConfiguration com.ciandt.summit.bootcamp2022.SummitBootcampApplication for test class com.ciandt.summit.bootcamp2022.controller.PlaylistControllerTest
2022-08-09 09:26:16,582 INFO org.springframework.test.context.support.AbstractTestContextBootstrapper [main] Loaded default TestExecutionListener class names from location [META-INF/spring.factories]: [org.springframework.boot.test.mock.mockito.MockitoTestExecutionListener, org.springframework.boot.test.mock.mockito.ResetMocksTestExecutionListener, org.springframework.boot.test.autoconfigure.restdocs.RestDocsTestExecutionListener, org.springframework.boot.test.autoconfigure.web.client.MockRestServiceServerResetTestExecutionListener, org.springframework.boot.test.autoconfigure.web.servlet.MockMvcPrintOnlyOnFailureTestExecutionListener, org.springframework.boot.test.autoconfigure.web.servlet.WebDriverTestExecutionListener, org.springframework.boot.test.autoconfigure.webservices.client.MockWebServiceServerTestExecutionListener, org.springframework.test.context.web.ServletTestExecutionListener, org.springframework.test.context.support.DirtiesContextBeforeModesTestExecutionListener, org.springframework.test.context.event.ApplicationEventsTestExecutionListener, org.springframework.test.context.support.DependencyInjectionTestExecutionListener, org.springframework.test.context.support.DirtiesContextTestExecutionListener, org.springframework.test.context.transaction.TransactionalTestExecutionListener, org.springframework.test.context.jdbc.SqlScriptsTestExecutionListener, org.springframework.test.context.event.EventPublishingTestExecutionListener]
2022-08-09 09:26:16,595 INFO org.springframework.test.context.support.AbstractTestContextBootstrapper [main] Using TestExecutionListeners: [org.springframework.test.context.web.ServletTestExecutionListener@191ae03f, org.springframework.test.context.support.DirtiesContextBeforeModesTestExecutionListener@9635fa, org.springframework.test.context.event.ApplicationEventsTestExecutionListener@53ab0286, org.springframework.boot.test.mock.mockito.MockitoTestExecutionListener@63c5efee, org.springframework.boot.test.autoconfigure.SpringBootDependencyInjectionTestExecutionListener@2d10e0b1, org.springframework.test.context.support.DirtiesContextTestExecutionListener@1c98290c, org.springframework.test.context.transaction.TransactionalTestExecutionListener@172ca72b, org.springframework.test.context.jdbc.SqlScriptsTestExecutionListener@5bda80bf, org.springframework.test.context.event.EventPublishingTestExecutionListener@71e5f61d, org.springframework.boot.test.mock.mockito.ResetMocksTestExecutionListener@2ce86164, org.springframework.boot.test.autoconfigure.restdocs.RestDocsTestExecutionListener@5e8f9e2d, org.springframework.boot.test.autoconfigure.web.client.MockRestServiceServerResetTestExecutionListener@51df223b, org.springframework.boot.test.autoconfigure.web.servlet.MockMvcPrintOnlyOnFailureTestExecutionListener@fd46303, org.springframework.boot.test.autoconfigure.web.servlet.WebDriverTestExecutionListener@60d8c0dc, org.springframework.boot.test.autoconfigure.webservices.client.MockWebServiceServerTestExecutionListener@4204541c]
2022-08-09 09:26:16,890 INFO org.springframework.boot.StartupInfoLogger [main] Starting PlaylistControllerTest using Java 11.0.15 on lnb035703cps with PID 59442 (started by CIANDT\fabianosr in /home/fabianosr/projetct-myMusic-toTal/MyMusic)
2022-08-09 09:26:16,891 INFO org.springframework.boot.SpringApplication [main] No active profile set, falling back to default profiles: default
2022-08-09 09:26:18,342 INFO org.springframework.mock.web.MockServletContext [main] Initializing Spring TestDispatcherServlet ''
2022-08-09 09:26:18,342 INFO org.springframework.web.servlet.FrameworkServlet [main] Initializing Servlet ''
2022-08-09 09:26:18,343 INFO org.springframework.web.servlet.FrameworkServlet [main] Completed initialization in 0 ms
2022-08-09 09:26:18,361 INFO org.springframework.boot.StartupInfoLogger [main] Started PlaylistControllerTest in 1.719 seconds (JVM running for 2.784)
2022-08-09 09:26:18,415 INFO com.ciandt.summit.bootcamp2022.controller.PlaylistController [main] Executando DELETE - /playlists/92d8123f-e9f6-4806-8e0e-1c6a5d46f2ed/musicasc96b8f6f-4049-4e6b-8687-82e29c05b73
2022-08-09 09:26:18,415 INFO com.ciandt.summit.bootcamp2022.controller.PlaylistController [main] Música removida - 200 OK
