2022-08-04 08:46:56,417 INFO com.ciandt.summit.bootcamp2022.service.PlaylistServiceImp [main] Buscando playlist com id: 590aee60-448c-42d1-ad60-c2e82d20d3c6
2022-08-04 08:46:56,424 INFO com.ciandt.summit.bootcamp2022.service.PlaylistServiceImp [main] Validando payload do RequestBody
2022-08-04 08:47:56,686 INFO com.ciandt.summit.bootcamp2022.service.PlaylistServiceImp [main] Buscando playlist com id: 590aee60-448c-42d1-ad60-c2e82d20d3c6
2022-08-04 08:47:56,690 INFO com.ciandt.summit.bootcamp2022.service.PlaylistServiceImp [main] Validando payload do RequestBody
2022-08-04 08:51:28,356 INFO com.ciandt.summit.bootcamp2022.service.PlaylistServiceImp [main] Buscando playlist com id: 590aee60-448c-42d1-ad60-c2e82d20d3c6
2022-08-04 08:53:03,848 INFO com.ciandt.summit.bootcamp2022.service.PlaylistServiceImp [main] Buscando playlist com id: 590aee60-448c-42d1-ad60-c2e82d20d3c6
2022-08-04 08:54:03,082 INFO com.ciandt.summit.bootcamp2022.service.PlaylistServiceImp [main] Buscando playlist com id: 590aee60-448c-42d1-ad60-c2e82d20d3c6
2022-08-04 08:54:34,438 INFO com.ciandt.summit.bootcamp2022.service.PlaylistServiceImp [main] Buscando playlist com id: 590aee60-448c-42d1-ad60-c2e82d20d3c6
2022-08-04 08:54:48,506 INFO com.ciandt.summit.bootcamp2022.service.PlaylistServiceImp [main] Buscando playlist com id: 590aee60-448c-42d1-ad60-c2e82d20d3c6
2022-08-04 08:55:07,074 INFO com.ciandt.summit.bootcamp2022.service.PlaylistServiceImp [main] Buscando playlist com id: 590aee60-448c-42d1-ad60-c2e82d20d3c6
2022-08-04 08:56:42,915 INFO org.springframework.boot.StartupInfoLogger [main] Starting SummitBootcampApplication using Java 11.0.15 on lnb035703cps with PID 29004 (/home/fabianosr/projetct-myMusic-toTal/MyMusic/target/classes started by CIANDT\fabianosr in /home/fabianosr/projetct-myMusic-toTal/MyMusic)
2022-08-04 08:56:42,916 INFO org.springframework.boot.SpringApplication [main] No active profile set, falling back to default profiles: default
2022-08-04 08:56:43,672 INFO org.springframework.data.repository.config.RepositoryConfigurationDelegate [main] Bootstrapping Spring Data JPA repositories in DEFAULT mode.
2022-08-04 08:56:43,722 INFO org.springframework.data.repository.config.RepositoryConfigurationDelegate [main] Finished Spring Data repository scanning in 43 ms. Found 5 JPA repository interfaces.
2022-08-04 08:56:44,240 INFO org.springframework.boot.web.embedded.tomcat.TomcatWebServer [main] Tomcat initialized with port(s): 8080 (http)
2022-08-04 08:56:44,249 INFO org.apache.juli.logging.DirectJDKLog [main] Initializing ProtocolHandler ["http-nio-8080"]
2022-08-04 08:56:44,249 INFO org.apache.juli.logging.DirectJDKLog [main] Starting service [Tomcat]
2022-08-04 08:56:44,249 INFO org.apache.juli.logging.DirectJDKLog [main] Starting Servlet engine: [Apache Tomcat/9.0.56]
2022-08-04 08:56:44,326 INFO org.apache.juli.logging.DirectJDKLog [main] Initializing Spring embedded WebApplicationContext
2022-08-04 08:56:44,327 INFO org.springframework.boot.web.servlet.context.ServletWebServerApplicationContext [main] Root WebApplicationContext: initialization completed in 1369 ms
2022-08-04 08:56:44,640 INFO org.ehcache.core.EhcacheManager [main] Cache 'buscarMusicas' created in EhcacheManager.
2022-08-04 08:56:44,648 INFO org.ehcache.jsr107.Eh107CacheManager [main] Registering Ehcache MBean javax.cache:type=CacheStatistics,CacheManager=urn.X-ehcache.jsr107-default-config,Cache=buscarMusicas
2022-08-04 08:56:44,653 INFO org.ehcache.jsr107.Eh107CacheManager [main] Registering Ehcache MBean javax.cache:type=CacheStatistics,CacheManager=urn.X-ehcache.jsr107-default-config,Cache=buscarMusicas
2022-08-04 08:56:44,750 INFO org.hibernate.jpa.internal.util.LogHelper [main] HHH000204: Processing PersistenceUnitInfo [name: default]
2022-08-04 08:56:44,801 INFO org.hibernate.Version [main] HHH000412: Hibernate ORM core version 5.6.4.Final
2022-08-04 08:56:44,922 INFO org.hibernate.annotations.common.reflection.java.JavaReflectionManager [main] HCANN000001: Hibernate Commons Annotations {5.1.2.Final}
2022-08-04 08:56:45,001 INFO org.hibernate.dialect.Dialect [main] HHH000400: Using dialect: org.hibernate.dialect.SQLiteDialect
2022-08-04 08:56:45,510 INFO org.hibernate.engine.transaction.jta.platform.internal.JtaPlatformInitiator [main] HHH000490: Using JtaPlatform implementation: [org.hibernate.engine.transaction.jta.platform.internal.NoJtaPlatform]
2022-08-04 08:56:45,515 INFO org.springframework.orm.jpa.AbstractEntityManagerFactoryBean [main] Initialized JPA EntityManagerFactory for persistence unit 'default'
2022-08-04 08:56:45,991 WARN org.springframework.boot.autoconfigure.orm.jpa.JpaBaseConfiguration$JpaWebConfiguration [main] spring.jpa.open-in-view is enabled by default. Therefore, database queries may be performed during view rendering. Explicitly configure spring.jpa.open-in-view to disable this warning
2022-08-04 08:56:46,875 INFO org.springframework.boot.actuate.endpoint.web.EndpointLinksResolver [main] Exposing 1 endpoint(s) beneath base path '/actuator'
2022-08-04 08:56:46,912 INFO org.apache.juli.logging.DirectJDKLog [main] Starting ProtocolHandler ["http-nio-8080"]
2022-08-04 08:56:46,927 INFO org.springframework.boot.web.embedded.tomcat.TomcatWebServer [main] Tomcat started on port(s): 8080 (http) with context path ''
2022-08-04 08:56:46,941 INFO org.springframework.boot.StartupInfoLogger [main] Started SummitBootcampApplication in 4.384 seconds (JVM running for 4.845)
2022-08-04 09:03:25,901 INFO org.apache.juli.logging.DirectJDKLog [http-nio-8080-exec-2] Initializing Spring DispatcherServlet 'dispatcherServlet'
2022-08-04 09:03:25,901 INFO org.springframework.web.servlet.FrameworkServlet [http-nio-8080-exec-2] Initializing Servlet 'dispatcherServlet'
2022-08-04 09:03:25,903 INFO org.springframework.web.servlet.FrameworkServlet [http-nio-8080-exec-2] Completed initialization in 2 ms
2022-08-04 09:03:25,913 INFO com.ciandt.summit.bootcamp2022.interceptor.Interceptor [http-nio-8080-exec-2] Requisição interceptada: null
2022-08-04 09:03:25,975 INFO com.ciandt.summit.bootcamp2022.controller.PlaylistController [http-nio-8080-exec-2] Executando POST - /playlists/590aee60-448c-42d1-ad60-c2e82d20d3c6/musicas/c921280c-4ded-469e-b472-f28ca8dfb689
2022-08-04 09:03:25,975 INFO com.ciandt.summit.bootcamp2022.service.PlaylistServiceImp [http-nio-8080-exec-2] Buscando playlist com id: 590aee60-448c-42d1-ad60-c2e82d20d3c6
2022-08-04 09:03:26,010 INFO com.ciandt.summit.bootcamp2022.service.UsuarioServiceImp [http-nio-8080-exec-2] Buscando usuario com id: c921280c-4ded-469e-b472-f28ca8dfb689
2022-08-04 09:03:26,044 ERROR com.ciandt.summit.bootcamp2022.exception.ExceptionService [http-nio-8080-exec-2] Você atingiu o número máximo de músicas em sua playlist.Para adicionar mais músicas contrate o plano Premium. (c921280c-4ded-469e-b472-f28ca8dfb689) - 401 UNAUTHORIZED
2022-08-04 09:04:23,736 INFO com.ciandt.summit.bootcamp2022.service.PlaylistServiceImp [main] Buscando playlist com id: 590aee60-448c-42d1-ad60-c2e82d20d3c6
2022-08-04 09:08:43,181 INFO com.ciandt.summit.bootcamp2022.service.PlaylistServiceImp [main] Buscando playlist com id: 590aee60-448c-42d1-ad60-c2e82d20d3c6
2022-08-04 09:14:42,567 INFO com.ciandt.summit.bootcamp2022.service.PlaylistServiceImp [main] Buscando playlist com id: 590aee60-448c-42d1-ad60-c2e82d20d3c6
2022-08-04 09:22:11,153 INFO com.ciandt.summit.bootcamp2022.service.PlaylistServiceImp [main] Buscando playlist com id: 590aee60-448c-42d1-ad60-c2e82d20d3c6
2022-08-04 09:22:39,777 INFO com.ciandt.summit.bootcamp2022.service.PlaylistServiceImp [main] Buscando playlist com id: 590aee60-448c-42d1-ad60-c2e82d20d3c6
2022-08-04 09:23:03,169 INFO com.ciandt.summit.bootcamp2022.service.PlaylistServiceImp [main] Buscando playlist com id: 590aee60-448c-42d1-ad60-c2e82d20d3c6
2022-08-04 09:29:25,661 INFO com.ciandt.summit.bootcamp2022.service.PlaylistServiceImp [main] Buscando playlist com id: cb746719-b60e-4c38-9976-f2cbc68581cbB
2022-08-04 09:32:30,982 INFO com.ciandt.summit.bootcamp2022.service.PlaylistServiceImp [main] Buscando playlist com id: cb746719-b60e-4c38-9976-f2cbc68581cbB
2022-08-04 09:34:37,185 INFO com.ciandt.summit.bootcamp2022.service.PlaylistServiceImp [main] Buscando playlist com id: cb746719-b60e-4c38-9976-f2cbc68581cb
2022-08-04 09:45:56,602 INFO com.ciandt.summit.bootcamp2022.service.PlaylistServiceImp [main] Buscando playlist com id: cb746719-b60e-4c38-9976-f2cbc68581cbB
2022-08-04 09:46:54,014 INFO com.ciandt.summit.bootcamp2022.service.PlaylistServiceImp [main] Buscando playlist com id: cb746719-b60e-4c38-9976-f2cbc68581cbB
2022-08-04 09:47:19,517 INFO com.ciandt.summit.bootcamp2022.service.PlaylistServiceImp [main] Buscando playlist com id: cb746719-b60e-4c38-9976-f2cbc68581cbB
2022-08-04 09:49:12,342 INFO com.ciandt.summit.bootcamp2022.service.PlaylistServiceImp [main] Buscando playlist com id: cb746719-b60e-4c38-9976-f2cbc68581cb
2022-08-04 09:49:34,605 INFO com.ciandt.summit.bootcamp2022.service.PlaylistServiceImp [main] Buscando playlist com id: cb746719-b60e-4c38-9976-f2cbc68581cb
2022-08-04 09:51:14,481 INFO com.ciandt.summit.bootcamp2022.service.PlaylistServiceImp [main] Buscando playlist com id: cb746719-b60e-4c38-9976-f2cbc68581cb
2022-08-04 09:51:35,661 INFO com.ciandt.summit.bootcamp2022.service.PlaylistServiceImp [main] Buscando playlist com id: cb746719-b60e-4c38-9976-f2cbc68581cb
2022-08-04 09:51:35,665 INFO com.ciandt.summit.bootcamp2022.service.PlaylistServiceImp [main] Validando payload do RequestBody
2022-08-04 09:52:57,109 INFO com.ciandt.summit.bootcamp2022.service.PlaylistServiceImp [main] Buscando playlist com id: cb746719-b60e-4c38-9976-f2cbc68581cb
2022-08-04 09:53:38,768 INFO com.ciandt.summit.bootcamp2022.service.PlaylistServiceImp [main] Buscando playlist com id: cb746719-b60e-4c38-9976-f2cbc68581cb
2022-08-04 09:53:59,113 INFO com.ciandt.summit.bootcamp2022.service.PlaylistServiceImp [main] Buscando playlist com id: cb746719-b60e-4c38-9976-f2cbc68581cb
2022-08-04 09:54:34,918 INFO com.ciandt.summit.bootcamp2022.service.PlaylistServiceImp [main] Buscando playlist com id: cb746719-b60e-4c38-9976-f2cbc68581cb
2022-08-04 10:34:12,769 INFO org.springframework.orm.jpa.AbstractEntityManagerFactoryBean [SpringApplicationShutdownHook] Closing JPA EntityManagerFactory for persistence unit 'default'
2022-08-04 10:34:12,774 INFO org.ehcache.core.EhcacheManager [SpringApplicationShutdownHook] Cache 'buscarMusicas' removed from EhcacheManager.
2022-08-04 10:34:20,803 INFO org.springframework.boot.StartupInfoLogger [main] Starting SummitBootcampApplication using Java 11.0.15 on lnb035703cps with PID 61916 (/home/fabianosr/projetct-myMusic-toTal/MyMusic/target/classes started by CIANDT\fabianosr in /home/fabianosr/projetct-myMusic-toTal/MyMusic)
2022-08-04 10:34:20,808 INFO org.springframework.boot.SpringApplication [main] No active profile set, falling back to default profiles: default
2022-08-04 10:34:21,692 INFO org.springframework.data.repository.config.RepositoryConfigurationDelegate [main] Bootstrapping Spring Data JPA repositories in DEFAULT mode.
2022-08-04 10:34:21,739 INFO org.springframework.data.repository.config.RepositoryConfigurationDelegate [main] Finished Spring Data repository scanning in 41 ms. Found 5 JPA repository interfaces.
2022-08-04 10:34:22,261 INFO org.springframework.boot.web.embedded.tomcat.TomcatWebServer [main] Tomcat initialized with port(s): 8080 (http)
2022-08-04 10:34:22,270 INFO org.apache.juli.logging.DirectJDKLog [main] Initializing ProtocolHandler ["http-nio-8080"]
2022-08-04 10:34:22,270 INFO org.apache.juli.logging.DirectJDKLog [main] Starting service [Tomcat]
2022-08-04 10:34:22,271 INFO org.apache.juli.logging.DirectJDKLog [main] Starting Servlet engine: [Apache Tomcat/9.0.56]
2022-08-04 10:34:22,335 INFO org.apache.juli.logging.DirectJDKLog [main] Initializing Spring embedded WebApplicationContext
2022-08-04 10:34:22,336 INFO org.springframework.boot.web.servlet.context.ServletWebServerApplicationContext [main] Root WebApplicationContext: initialization completed in 1477 ms
2022-08-04 10:34:22,658 INFO org.ehcache.core.EhcacheManager [main] Cache 'buscarMusicas' created in EhcacheManager.
2022-08-04 10:34:22,665 INFO org.ehcache.jsr107.Eh107CacheManager [main] Registering Ehcache MBean javax.cache:type=CacheStatistics,CacheManager=urn.X-ehcache.jsr107-default-config,Cache=buscarMusicas
2022-08-04 10:34:22,669 INFO org.ehcache.jsr107.Eh107CacheManager [main] Registering Ehcache MBean javax.cache:type=CacheStatistics,CacheManager=urn.X-ehcache.jsr107-default-config,Cache=buscarMusicas
2022-08-04 10:34:22,737 INFO org.hibernate.jpa.internal.util.LogHelper [main] HHH000204: Processing PersistenceUnitInfo [name: default]
2022-08-04 10:34:22,773 INFO org.hibernate.Version [main] HHH000412: Hibernate ORM core version 5.6.4.Final
2022-08-04 10:34:22,899 INFO org.hibernate.annotations.common.reflection.java.JavaReflectionManager [main] HCANN000001: Hibernate Commons Annotations {5.1.2.Final}
2022-08-04 10:34:23,011 INFO org.hibernate.dialect.Dialect [main] HHH000400: Using dialect: org.hibernate.dialect.SQLiteDialect
2022-08-04 10:34:23,581 INFO org.hibernate.engine.transaction.jta.platform.internal.JtaPlatformInitiator [main] HHH000490: Using JtaPlatform implementation: [org.hibernate.engine.transaction.jta.platform.internal.NoJtaPlatform]
2022-08-04 10:34:23,586 INFO org.springframework.orm.jpa.AbstractEntityManagerFactoryBean [main] Initialized JPA EntityManagerFactory for persistence unit 'default'
2022-08-04 10:34:24,117 WARN org.springframework.boot.autoconfigure.orm.jpa.JpaBaseConfiguration$JpaWebConfiguration [main] spring.jpa.open-in-view is enabled by default. Therefore, database queries may be performed during view rendering. Explicitly configure spring.jpa.open-in-view to disable this warning
2022-08-04 10:34:25,109 INFO org.springframework.boot.actuate.endpoint.web.EndpointLinksResolver [main] Exposing 1 endpoint(s) beneath base path '/actuator'
2022-08-04 10:34:25,134 INFO org.apache.juli.logging.DirectJDKLog [main] Starting ProtocolHandler ["http-nio-8080"]
2022-08-04 10:34:25,150 INFO org.springframework.boot.web.embedded.tomcat.TomcatWebServer [main] Tomcat started on port(s): 8080 (http) with context path ''
2022-08-04 10:34:25,167 INFO org.springframework.boot.StartupInfoLogger [main] Started SummitBootcampApplication in 4.702 seconds (JVM running for 5.169)
2022-08-04 10:38:45,448 INFO org.springframework.orm.jpa.AbstractEntityManagerFactoryBean [SpringApplicationShutdownHook] Closing JPA EntityManagerFactory for persistence unit 'default'
2022-08-04 10:38:45,451 INFO org.ehcache.core.EhcacheManager [SpringApplicationShutdownHook] Cache 'buscarMusicas' removed from EhcacheManager.
2022-08-04 11:43:14,973 INFO com.ciandt.summit.bootcamp2022.service.PlaylistServiceImp [main] Buscando playlist com id: 93f7da42-d9e5-4e50-a789-b4f406897dd7
2022-08-04 11:43:14,994 INFO com.ciandt.summit.bootcamp2022.service.PlaylistServiceImp [main] Buscando playlist com id: cb746719-b60e-4c38-9976-f2cbc68581cb
2022-08-04 11:43:14,997 INFO com.ciandt.summit.bootcamp2022.service.PlaylistServiceImp [main] Buscando playlist com id: 93f7da42-d9e5-4e50-a789-b4f406897dd7
2022-08-04 11:43:15,001 INFO com.ciandt.summit.bootcamp2022.service.PlaylistServiceImp [main] Validando payload do RequestBody
2022-08-04 11:43:15,001 ERROR com.ciandt.summit.bootcamp2022.service.PlaylistServiceImp [main] Payload inválido.
2022-08-04 11:43:15,005 INFO com.ciandt.summit.bootcamp2022.service.PlaylistServiceImp [main] Buscando playlist com id: 590aee60-448c-42d1-ad60-c2e82d20d3c6
2022-08-04 11:43:15,010 INFO com.ciandt.summit.bootcamp2022.service.PlaylistServiceImp [main] Buscando playlist com id: cb746719-b60e-4c38-9976-f2cbc68581cb
2022-08-04 11:43:15,012 INFO com.ciandt.summit.bootcamp2022.service.PlaylistServiceImp [main] Validando payload do RequestBody
2022-08-04 11:43:15,018 INFO com.ciandt.summit.bootcamp2022.service.PlaylistServiceImp [main] Buscando playlist com id: 93f7da42-d9e5-4e50-a7-b4f406897dd7
2022-08-04 11:43:15,023 INFO com.ciandt.summit.bootcamp2022.service.PlaylistServiceImp [main] Buscando playlist com id: 92d8123f-e9f6-4806-8e0e-1c6a5d46f2ed
2022-08-04 11:43:15,037 INFO com.ciandt.summit.bootcamp2022.service.PlaylistServiceImp [main] Removendo a musica c96b8f6f-4049-4e6b-8687-82e29c05b735 :: Big Iron Horse da playlist 92d8123f-e9f6-4806-8e0e-1c6a5d46f2ed
2022-08-04 11:43:15,042 INFO com.ciandt.summit.bootcamp2022.service.PlaylistServiceImp [main] Buscando playlist com id: 93f7da42-d9e-4e50-a789-b4f406897dd7
2022-08-04 11:43:15,047 INFO com.ciandt.summit.bootcamp2022.service.PlaylistServiceImp [main] Buscando playlist com id: cb746719-b60e-4c38-9976-f2cbc68581cb
2022-08-04 11:43:15,048 INFO com.ciandt.summit.bootcamp2022.service.PlaylistServiceImp [main] Validando payload do RequestBody
2022-08-04 11:43:15,148 INFO com.ciandt.summit.bootcamp2022.service.MusicaServiceImp [main] Buscando musicas com o filtro: Mars
2022-08-04 11:43:15,150 INFO com.ciandt.summit.bootcamp2022.service.MusicaServiceImp [main] Ordenando as musicas encontradas
2022-08-04 11:43:15,154 INFO com.ciandt.summit.bootcamp2022.service.MusicaServiceImp [main] Ordenando as musicas encontradas
2022-08-04 11:43:15,158 INFO com.ciandt.summit.bootcamp2022.service.MusicaServiceImp [main] Buscando música com id: b97e179d-76f1-44bb-a04f-1d678c1269ff
2022-08-04 11:43:15,161 INFO com.ciandt.summit.bootcamp2022.service.MusicaServiceImp [main] Buscando música com id: b97e179d-76f1-44bb-a04f-1d678c1269ff
2022-08-04 11:43:15,165 INFO com.ciandt.summit.bootcamp2022.service.MusicaServiceImp [main] Buscando musicas com o filtro: 1
2022-08-04 11:43:15,165 ERROR com.ciandt.summit.bootcamp2022.service.MusicaServiceImp [main] O filtro informado para busca de musicas eh invalido
2022-08-04 11:43:15,319 INFO org.springframework.test.context.support.AbstractTestContextBootstrapper [main] Neither @ContextConfiguration nor @ContextHierarchy found for test class [com.ciandt.summit.bootcamp2022.controller.MusicControllerTest], using SpringBootContextLoader
2022-08-04 11:43:15,330 INFO org.springframework.test.context.support.AbstractContextLoader [main] Could not detect default resource locations for test class [com.ciandt.summit.bootcamp2022.controller.MusicControllerTest]: no resource found for suffixes {-context.xml, Context.groovy}.
2022-08-04 11:43:15,332 INFO org.springframework.test.context.support.AnnotationConfigContextLoaderUtils [main] Could not detect default configuration classes for test class [com.ciandt.summit.bootcamp2022.controller.MusicControllerTest]: MusicControllerTest does not declare any static, non-private, non-final, nested classes annotated with @Configuration.
2022-08-04 11:43:15,505 INFO org.springframework.boot.test.context.SpringBootTestContextBootstrapper [main] Found @SpringBootConfiguration com.ciandt.summit.bootcamp2022.SummitBootcampApplication for test class com.ciandt.summit.bootcamp2022.controller.MusicControllerTest
2022-08-04 11:43:15,511 INFO org.springframework.test.context.support.AbstractTestContextBootstrapper [main] Loaded default TestExecutionListener class names from location [META-INF/spring.factories]: [org.springframework.boot.test.mock.mockito.MockitoTestExecutionListener, org.springframework.boot.test.mock.mockito.ResetMocksTestExecutionListener, org.springframework.boot.test.autoconfigure.restdocs.RestDocsTestExecutionListener, org.springframework.boot.test.autoconfigure.web.client.MockRestServiceServerResetTestExecutionListener, org.springframework.boot.test.autoconfigure.web.servlet.MockMvcPrintOnlyOnFailureTestExecutionListener, org.springframework.boot.test.autoconfigure.web.servlet.WebDriverTestExecutionListener, org.springframework.boot.test.autoconfigure.webservices.client.MockWebServiceServerTestExecutionListener, org.springframework.test.context.web.ServletTestExecutionListener, org.springframework.test.context.support.DirtiesContextBeforeModesTestExecutionListener, org.springframework.test.context.event.ApplicationEventsTestExecutionListener, org.springframework.test.context.support.DependencyInjectionTestExecutionListener, org.springframework.test.context.support.DirtiesContextTestExecutionListener, org.springframework.test.context.transaction.TransactionalTestExecutionListener, org.springframework.test.context.jdbc.SqlScriptsTestExecutionListener, org.springframework.test.context.event.EventPublishingTestExecutionListener]
2022-08-04 11:43:15,532 INFO org.springframework.test.context.support.AbstractTestContextBootstrapper [main] Using TestExecutionListeners: [org.springframework.test.context.web.ServletTestExecutionListener@33fefbbe, org.springframework.test.context.support.DirtiesContextBeforeModesTestExecutionListener@5784f6b9, org.springframework.test.context.event.ApplicationEventsTestExecutionListener@5d0ca8a5, org.springframework.boot.test.mock.mockito.MockitoTestExecutionListener@1b7c1c6f, org.springframework.boot.test.autoconfigure.SpringBootDependencyInjectionTestExecutionListener@5f9b37b5, org.springframework.test.context.support.DirtiesContextTestExecutionListener@2f5a23c1, org.springframework.test.context.transaction.TransactionalTestExecutionListener@17abef0f, org.springframework.test.context.jdbc.SqlScriptsTestExecutionListener@6ccf06f1, org.springframework.test.context.event.EventPublishingTestExecutionListener@6aefb242, org.springframework.boot.test.mock.mockito.ResetMocksTestExecutionListener@1455d0f5, org.springframework.boot.test.autoconfigure.restdocs.RestDocsTestExecutionListener@5c4e86e7, org.springframework.boot.test.autoconfigure.web.client.MockRestServiceServerResetTestExecutionListener@48a2fb11, org.springframework.boot.test.autoconfigure.web.servlet.MockMvcPrintOnlyOnFailureTestExecutionListener@5fc82de5, org.springframework.boot.test.autoconfigure.web.servlet.WebDriverTestExecutionListener@65208c91, org.springframework.boot.test.autoconfigure.webservices.client.MockWebServiceServerTestExecutionListener@4d71476c]
2022-08-04 11:43:15,927 INFO org.springframework.boot.StartupInfoLogger [main] Starting MusicControllerTest using Java 11.0.15 on lnb035703cps with PID 70500 (started by CIANDT\fabianosr in /home/fabianosr/projetct-myMusic-toTal/MyMusic)
2022-08-04 11:43:15,927 INFO org.springframework.boot.SpringApplication [main] No active profile set, falling back to default profiles: default
2022-08-04 11:43:17,923 INFO org.springframework.mock.web.MockServletContext [main] Initializing Spring TestDispatcherServlet ''
2022-08-04 11:43:17,923 INFO org.springframework.web.servlet.FrameworkServlet [main] Initializing Servlet ''
2022-08-04 11:43:17,926 INFO org.springframework.web.servlet.FrameworkServlet [main] Completed initialization in 2 ms
2022-08-04 11:43:17,953 INFO org.springframework.boot.StartupInfoLogger [main] Started MusicControllerTest in 2.375 seconds (JVM running for 4.564)
2022-08-04 11:43:18,021 INFO com.ciandt.summit.bootcamp2022.controller.MusicController [main] Executando GET - /api/musicas?filtro=B.B. On Mars
2022-08-04 11:43:18,021 INFO com.ciandt.summit.bootcamp2022.controller.MusicController [main] Busca realizada com sucesso - 200 OK
2022-08-04 11:43:18,101 INFO org.springframework.test.context.support.AbstractTestContextBootstrapper [main] Neither @ContextConfiguration nor @ContextHierarchy found for test class [com.ciandt.summit.bootcamp2022.controller.PlaylistControllerTest], using SpringBootContextLoader
2022-08-04 11:43:18,102 INFO org.springframework.test.context.support.AbstractContextLoader [main] Could not detect default resource locations for test class [com.ciandt.summit.bootcamp2022.controller.PlaylistControllerTest]: no resource found for suffixes {-context.xml, Context.groovy}.
2022-08-04 11:43:18,102 INFO org.springframework.test.context.support.AnnotationConfigContextLoaderUtils [main] Could not detect default configuration classes for test class [com.ciandt.summit.bootcamp2022.controller.PlaylistControllerTest]: PlaylistControllerTest does not declare any static, non-private, non-final, nested classes annotated with @Configuration.
2022-08-04 11:43:18,106 INFO org.springframework.boot.test.context.SpringBootTestContextBootstrapper [main] Found @SpringBootConfiguration com.ciandt.summit.bootcamp2022.SummitBootcampApplication for test class com.ciandt.summit.bootcamp2022.controller.PlaylistControllerTest
2022-08-04 11:43:18,108 INFO org.springframework.test.context.support.AbstractTestContextBootstrapper [main] Loaded default TestExecutionListener class names from location [META-INF/spring.factories]: [org.springframework.boot.test.mock.mockito.MockitoTestExecutionListener, org.springframework.boot.test.mock.mockito.ResetMocksTestExecutionListener, org.springframework.boot.test.autoconfigure.restdocs.RestDocsTestExecutionListener, org.springframework.boot.test.autoconfigure.web.client.MockRestServiceServerResetTestExecutionListener, org.springframework.boot.test.autoconfigure.web.servlet.MockMvcPrintOnlyOnFailureTestExecutionListener, org.springframework.boot.test.autoconfigure.web.servlet.WebDriverTestExecutionListener, org.springframework.boot.test.autoconfigure.webservices.client.MockWebServiceServerTestExecutionListener, org.springframework.test.context.web.ServletTestExecutionListener, org.springframework.test.context.support.DirtiesContextBeforeModesTestExecutionListener, org.springframework.test.context.event.ApplicationEventsTestExecutionListener, org.springframework.test.context.support.DependencyInjectionTestExecutionListener, org.springframework.test.context.support.DirtiesContextTestExecutionListener, org.springframework.test.context.transaction.TransactionalTestExecutionListener, org.springframework.test.context.jdbc.SqlScriptsTestExecutionListener, org.springframework.test.context.event.EventPublishingTestExecutionListener]
2022-08-04 11:43:18,110 INFO org.springframework.test.context.support.AbstractTestContextBootstrapper [main] Using TestExecutionListeners: [org.springframework.test.context.web.ServletTestExecutionListener@373bfbf6, org.springframework.test.context.support.DirtiesContextBeforeModesTestExecutionListener@67029450, org.springframework.test.context.event.ApplicationEventsTestExecutionListener@410dcb8b, org.springframework.boot.test.mock.mockito.MockitoTestExecutionListener@41e26cf6, org.springframework.boot.test.autoconfigure.SpringBootDependencyInjectionTestExecutionListener@296ecb77, org.springframework.test.context.support.DirtiesContextTestExecutionListener@5abd7a1e, org.springframework.test.context.transaction.TransactionalTestExecutionListener@75c3b351, org.springframework.test.context.jdbc.SqlScriptsTestExecutionListener@2714e4c3, org.springframework.test.context.event.EventPublishingTestExecutionListener@787ea625, org.springframework.boot.test.mock.mockito.ResetMocksTestExecutionListener@49a24ebe, org.springframework.boot.test.autoconfigure.restdocs.RestDocsTestExecutionListener@219335e0, org.springframework.boot.test.autoconfigure.web.client.MockRestServiceServerResetTestExecutionListener@2121efed, org.springframework.boot.test.autoconfigure.web.servlet.MockMvcPrintOnlyOnFailureTestExecutionListener@2ce32a62, org.springframework.boot.test.autoconfigure.web.servlet.WebDriverTestExecutionListener@77ef56fe, org.springframework.boot.test.autoconfigure.webservices.client.MockWebServiceServerTestExecutionListener@4feb51d6]
2022-08-04 11:43:18,135 INFO org.springframework.boot.StartupInfoLogger [main] Starting PlaylistControllerTest using Java 11.0.15 on lnb035703cps with PID 70500 (started by CIANDT\fabianosr in /home/fabianosr/projetct-myMusic-toTal/MyMusic)
2022-08-04 11:43:18,136 INFO org.springframework.boot.SpringApplication [main] No active profile set, falling back to default profiles: default
2022-08-04 11:43:18,677 INFO org.springframework.mock.web.MockServletContext [main] Initializing Spring TestDispatcherServlet ''
2022-08-04 11:43:18,678 INFO org.springframework.web.servlet.FrameworkServlet [main] Initializing Servlet ''
2022-08-04 11:43:18,679 INFO org.springframework.web.servlet.FrameworkServlet [main] Completed initialization in 1 ms
2022-08-04 11:43:18,689 INFO org.springframework.boot.StartupInfoLogger [main] Started PlaylistControllerTest in 0.575 seconds (JVM running for 5.301)
2022-08-04 11:43:18,742 INFO com.ciandt.summit.bootcamp2022.controller.PlaylistController [main] Executando POST - /playlists/cb746719-b60e-4c38-9976-f2cbc68581cb/musicas
2022-08-04 11:43:18,743 INFO com.ciandt.summit.bootcamp2022.controller.PlaylistController [main] Música Adicionada - 201 OK
2022-08-04 13:25:49,619 INFO com.ciandt.summit.bootcamp2022.service.PlaylistServiceImp [main] Buscando playlist com id: 93f7da42-d9e5-4e50-a789-b4f406897dd7
2022-08-04 13:25:49,636 INFO com.ciandt.summit.bootcamp2022.service.PlaylistServiceImp [main] Buscando playlist com id: cb746719-b60e-4c38-9976-f2cbc68581cb
2022-08-04 13:25:49,640 INFO com.ciandt.summit.bootcamp2022.service.PlaylistServiceImp [main] Buscando playlist com id: 93f7da42-d9e5-4e50-a789-b4f406897dd7
2022-08-04 13:25:49,643 INFO com.ciandt.summit.bootcamp2022.service.PlaylistServiceImp [main] Validando payload do RequestBody
2022-08-04 13:25:49,644 ERROR com.ciandt.summit.bootcamp2022.service.PlaylistServiceImp [main] Payload inválido.
2022-08-04 13:25:49,648 INFO com.ciandt.summit.bootcamp2022.service.PlaylistServiceImp [main] Buscando playlist com id: 590aee60-448c-42d1-ad60-c2e82d20d3c6
2022-08-04 13:25:49,652 INFO com.ciandt.summit.bootcamp2022.service.PlaylistServiceImp [main] Buscando playlist com id: cb746719-b60e-4c38-9976-f2cbc68581cb
2022-08-04 13:25:49,653 INFO com.ciandt.summit.bootcamp2022.service.PlaylistServiceImp [main] Validando payload do RequestBody
2022-08-04 13:25:49,657 INFO com.ciandt.summit.bootcamp2022.service.PlaylistServiceImp [main] Buscando playlist com id: 93f7da42-d9e5-4e50-a7-b4f406897dd7
2022-08-04 13:25:49,661 INFO com.ciandt.summit.bootcamp2022.service.PlaylistServiceImp [main] Buscando playlist com id: 92d8123f-e9f6-4806-8e0e-1c6a5d46f2ed
2022-08-04 13:25:49,668 INFO com.ciandt.summit.bootcamp2022.service.PlaylistServiceImp [main] Removendo a musica c96b8f6f-4049-4e6b-8687-82e29c05b735 :: Big Iron Horse da playlist 92d8123f-e9f6-4806-8e0e-1c6a5d46f2ed
2022-08-04 13:25:49,671 INFO com.ciandt.summit.bootcamp2022.service.PlaylistServiceImp [main] Buscando playlist com id: 93f7da42-d9e-4e50-a789-b4f406897dd7
2022-08-04 13:25:49,675 INFO com.ciandt.summit.bootcamp2022.service.PlaylistServiceImp [main] Buscando playlist com id: cb746719-b60e-4c38-9976-f2cbc68581cb
2022-08-04 13:25:49,676 INFO com.ciandt.summit.bootcamp2022.service.PlaylistServiceImp [main] Validando payload do RequestBody
2022-08-04 13:25:49,738 INFO com.ciandt.summit.bootcamp2022.service.MusicaServiceImp [main] Buscando musicas com o filtro: Mars
2022-08-04 13:25:49,739 INFO com.ciandt.summit.bootcamp2022.service.MusicaServiceImp [main] Ordenando as musicas encontradas
2022-08-04 13:25:49,743 INFO com.ciandt.summit.bootcamp2022.service.MusicaServiceImp [main] Ordenando as musicas encontradas
2022-08-04 13:25:49,746 INFO com.ciandt.summit.bootcamp2022.service.MusicaServiceImp [main] Buscando música com id: b97e179d-76f1-44bb-a04f-1d678c1269ff
2022-08-04 13:25:49,748 INFO com.ciandt.summit.bootcamp2022.service.MusicaServiceImp [main] Buscando música com id: b97e179d-76f1-44bb-a04f-1d678c1269ff
2022-08-04 13:25:49,750 INFO com.ciandt.summit.bootcamp2022.service.MusicaServiceImp [main] Buscando musicas com o filtro: 1
2022-08-04 13:25:49,750 ERROR com.ciandt.summit.bootcamp2022.service.MusicaServiceImp [main] O filtro informado para busca de musicas eh invalido
2022-08-04 13:25:49,843 INFO org.springframework.test.context.support.AbstractTestContextBootstrapper [main] Neither @ContextConfiguration nor @ContextHierarchy found for test class [com.ciandt.summit.bootcamp2022.controller.MusicControllerTest], using SpringBootContextLoader
2022-08-04 13:25:49,848 INFO org.springframework.test.context.support.AbstractContextLoader [main] Could not detect default resource locations for test class [com.ciandt.summit.bootcamp2022.controller.MusicControllerTest]: no resource found for suffixes {-context.xml, Context.groovy}.
2022-08-04 13:25:49,849 INFO org.springframework.test.context.support.AnnotationConfigContextLoaderUtils [main] Could not detect default configuration classes for test class [com.ciandt.summit.bootcamp2022.controller.MusicControllerTest]: MusicControllerTest does not declare any static, non-private, non-final, nested classes annotated with @Configuration.
2022-08-04 13:25:49,981 INFO org.springframework.boot.test.context.SpringBootTestContextBootstrapper [main] Found @SpringBootConfiguration com.ciandt.summit.bootcamp2022.SummitBootcampApplication for test class com.ciandt.summit.bootcamp2022.controller.MusicControllerTest
2022-08-04 13:25:49,986 INFO org.springframework.test.context.support.AbstractTestContextBootstrapper [main] Loaded default TestExecutionListener class names from location [META-INF/spring.factories]: [org.springframework.boot.test.mock.mockito.MockitoTestExecutionListener, org.springframework.boot.test.mock.mockito.ResetMocksTestExecutionListener, org.springframework.boot.test.autoconfigure.restdocs.RestDocsTestExecutionListener, org.springframework.boot.test.autoconfigure.web.client.MockRestServiceServerResetTestExecutionListener, org.springframework.boot.test.autoconfigure.web.servlet.MockMvcPrintOnlyOnFailureTestExecutionListener, org.springframework.boot.test.autoconfigure.web.servlet.WebDriverTestExecutionListener, org.springframework.boot.test.autoconfigure.webservices.client.MockWebServiceServerTestExecutionListener, org.springframework.test.context.web.ServletTestExecutionListener, org.springframework.test.context.support.DirtiesContextBeforeModesTestExecutionListener, org.springframework.test.context.event.ApplicationEventsTestExecutionListener, org.springframework.test.context.support.DependencyInjectionTestExecutionListener, org.springframework.test.context.support.DirtiesContextTestExecutionListener, org.springframework.test.context.transaction.TransactionalTestExecutionListener, org.springframework.test.context.jdbc.SqlScriptsTestExecutionListener, org.springframework.test.context.event.EventPublishingTestExecutionListener]
2022-08-04 13:25:50,004 INFO org.springframework.test.context.support.AbstractTestContextBootstrapper [main] Using TestExecutionListeners: [org.springframework.test.context.web.ServletTestExecutionListener@6ccf06f1, org.springframework.test.context.support.DirtiesContextBeforeModesTestExecutionListener@6aefb242, org.springframework.test.context.event.ApplicationEventsTestExecutionListener@1455d0f5, org.springframework.boot.test.mock.mockito.MockitoTestExecutionListener@5c4e86e7, org.springframework.boot.test.autoconfigure.SpringBootDependencyInjectionTestExecutionListener@48a2fb11, org.springframework.test.context.support.DirtiesContextTestExecutionListener@5fc82de5, org.springframework.test.context.transaction.TransactionalTestExecutionListener@65208c91, org.springframework.test.context.jdbc.SqlScriptsTestExecutionListener@4d71476c, org.springframework.test.context.event.EventPublishingTestExecutionListener@125447a0, org.springframework.boot.test.mock.mockito.ResetMocksTestExecutionListener@cede70a, org.springframework.boot.test.autoconfigure.restdocs.RestDocsTestExecutionListener@6dc8a602, org.springframework.boot.test.autoconfigure.web.client.MockRestServiceServerResetTestExecutionListener@2a45c6f0, org.springframework.boot.test.autoconfigure.web.servlet.MockMvcPrintOnlyOnFailureTestExecutionListener@1a9cfd5f, org.springframework.boot.test.autoconfigure.web.servlet.WebDriverTestExecutionListener@792a9cb1, org.springframework.boot.test.autoconfigure.webservices.client.MockWebServiceServerTestExecutionListener@51fadd20]
2022-08-04 13:25:50,330 INFO org.springframework.boot.StartupInfoLogger [main] Starting MusicControllerTest using Java 11.0.15 on lnb035703cps with PID 96684 (started by CIANDT\fabianosr in /home/fabianosr/projetct-myMusic-toTal/MyMusic)
2022-08-04 13:25:50,330 INFO org.springframework.boot.SpringApplication [main] No active profile set, falling back to default profiles: default
2022-08-04 13:25:51,983 INFO org.springframework.mock.web.MockServletContext [main] Initializing Spring TestDispatcherServlet ''
2022-08-04 13:25:51,983 INFO org.springframework.web.servlet.FrameworkServlet [main] Initializing Servlet ''
2022-08-04 13:25:51,984 INFO org.springframework.web.servlet.FrameworkServlet [main] Completed initialization in 1 ms
2022-08-04 13:25:52,010 INFO org.springframework.boot.StartupInfoLogger [main] Started MusicControllerTest in 1.965 seconds (JVM running for 3.64)
2022-08-04 13:25:52,067 INFO com.ciandt.summit.bootcamp2022.controller.MusicController [main] Executando GET - /api/musicas?filtro=B.B. On Mars
2022-08-04 13:25:52,068 INFO com.ciandt.summit.bootcamp2022.controller.MusicController [main] Busca realizada com sucesso - 200 OK
2022-08-04 13:25:52,132 INFO org.springframework.test.context.support.AbstractTestContextBootstrapper [main] Neither @ContextConfiguration nor @ContextHierarchy found for test class [com.ciandt.summit.bootcamp2022.controller.PlaylistControllerTest], using SpringBootContextLoader
2022-08-04 13:25:52,132 INFO org.springframework.test.context.support.AbstractContextLoader [main] Could not detect default resource locations for test class [com.ciandt.summit.bootcamp2022.controller.PlaylistControllerTest]: no resource found for suffixes {-context.xml, Context.groovy}.
2022-08-04 13:25:52,133 INFO org.springframework.test.context.support.AnnotationConfigContextLoaderUtils [main] Could not detect default configuration classes for test class [com.ciandt.summit.bootcamp2022.controller.PlaylistControllerTest]: PlaylistControllerTest does not declare any static, non-private, non-final, nested classes annotated with @Configuration.
2022-08-04 13:25:52,136 INFO org.springframework.boot.test.context.SpringBootTestContextBootstrapper [main] Found @SpringBootConfiguration com.ciandt.summit.bootcamp2022.SummitBootcampApplication for test class com.ciandt.summit.bootcamp2022.controller.PlaylistControllerTest
2022-08-04 13:25:52,137 INFO org.springframework.test.context.support.AbstractTestContextBootstrapper [main] Loaded default TestExecutionListener class names from location [META-INF/spring.factories]: [org.springframework.boot.test.mock.mockito.MockitoTestExecutionListener, org.springframework.boot.test.mock.mockito.ResetMocksTestExecutionListener, org.springframework.boot.test.autoconfigure.restdocs.RestDocsTestExecutionListener, org.springframework.boot.test.autoconfigure.web.client.MockRestServiceServerResetTestExecutionListener, org.springframework.boot.test.autoconfigure.web.servlet.MockMvcPrintOnlyOnFailureTestExecutionListener, org.springframework.boot.test.autoconfigure.web.servlet.WebDriverTestExecutionListener, org.springframework.boot.test.autoconfigure.webservices.client.MockWebServiceServerTestExecutionListener, org.springframework.test.context.web.ServletTestExecutionListener, org.springframework.test.context.support.DirtiesContextBeforeModesTestExecutionListener, org.springframework.test.context.event.ApplicationEventsTestExecutionListener, org.springframework.test.context.support.DependencyInjectionTestExecutionListener, org.springframework.test.context.support.DirtiesContextTestExecutionListener, org.springframework.test.context.transaction.TransactionalTestExecutionListener, org.springframework.test.context.jdbc.SqlScriptsTestExecutionListener, org.springframework.test.context.event.EventPublishingTestExecutionListener]
2022-08-04 13:25:52,138 INFO org.springframework.test.context.support.AbstractTestContextBootstrapper [main] Using TestExecutionListeners: [org.springframework.test.context.web.ServletTestExecutionListener@2714e4c3, org.springframework.test.context.support.DirtiesContextBeforeModesTestExecutionListener@787ea625, org.springframework.test.context.event.ApplicationEventsTestExecutionListener@49a24ebe, org.springframework.boot.test.mock.mockito.MockitoTestExecutionListener@219335e0, org.springframework.boot.test.autoconfigure.SpringBootDependencyInjectionTestExecutionListener@2121efed, org.springframework.test.context.support.DirtiesContextTestExecutionListener@2ce32a62, org.springframework.test.context.transaction.TransactionalTestExecutionListener@77ef56fe, org.springframework.test.context.jdbc.SqlScriptsTestExecutionListener@4feb51d6, org.springframework.test.context.event.EventPublishingTestExecutionListener@619b8141, org.springframework.boot.test.mock.mockito.ResetMocksTestExecutionListener@549e072a, org.springframework.boot.test.autoconfigure.restdocs.RestDocsTestExecutionListener@59cbe3e1, org.springframework.boot.test.autoconfigure.web.client.MockRestServiceServerResetTestExecutionListener@4cbb7cef, org.springframework.boot.test.autoconfigure.web.servlet.MockMvcPrintOnlyOnFailureTestExecutionListener@71977db0, org.springframework.boot.test.autoconfigure.web.servlet.WebDriverTestExecutionListener@551483ff, org.springframework.boot.test.autoconfigure.webservices.client.MockWebServiceServerTestExecutionListener@5346b657]
2022-08-04 13:25:52,167 INFO org.springframework.boot.StartupInfoLogger [main] Starting PlaylistControllerTest using Java 11.0.15 on lnb035703cps with PID 96684 (started by CIANDT\fabianosr in /home/fabianosr/projetct-myMusic-toTal/MyMusic)
2022-08-04 13:25:52,167 INFO org.springframework.boot.SpringApplication [main] No active profile set, falling back to default profiles: default
2022-08-04 13:25:52,733 INFO org.springframework.mock.web.MockServletContext [main] Initializing Spring TestDispatcherServlet ''
2022-08-04 13:25:52,733 INFO org.springframework.web.servlet.FrameworkServlet [main] Initializing Servlet ''
2022-08-04 13:25:52,734 INFO org.springframework.web.servlet.FrameworkServlet [main] Completed initialization in 0 ms
2022-08-04 13:25:52,748 INFO org.springframework.boot.StartupInfoLogger [main] Started PlaylistControllerTest in 0.607 seconds (JVM running for 4.377)
2022-08-04 13:25:52,757 INFO com.ciandt.summit.bootcamp2022.controller.PlaylistController [main] Executando DELETE - /playlists/92d8123f-e9f6-4806-8e0e-1c6a5d46f2ed/musicasc96b8f6f-4049-4e6b-8687-82e29c05b73
2022-08-04 13:25:52,757 INFO com.ciandt.summit.bootcamp2022.controller.PlaylistController [main] Música removida - 200 OK
2022-08-04 13:25:52,803 INFO com.ciandt.summit.bootcamp2022.controller.PlaylistController [main] Executando POST - /playlists/cb746719-b60e-4c38-9976-f2cbc68581cb/musicas
2022-08-04 13:25:52,804 INFO com.ciandt.summit.bootcamp2022.controller.PlaylistController [main] Música Adicionada - 201 OK
2022-08-04 13:27:14,526 INFO org.springframework.boot.StartupInfoLogger [main] Starting SummitBootcampApplication using Java 11.0.15 on lnb035703cps with PID 97112 (/home/fabianosr/projetct-myMusic-toTal/MyMusic/target/classes started by CIANDT\fabianosr in /home/fabianosr/projetct-myMusic-toTal/MyMusic)
2022-08-04 13:27:14,529 INFO org.springframework.boot.SpringApplication [main] No active profile set, falling back to default profiles: default
2022-08-04 13:27:15,234 INFO org.springframework.data.repository.config.RepositoryConfigurationDelegate [main] Bootstrapping Spring Data JPA repositories in DEFAULT mode.
2022-08-04 13:27:15,278 INFO org.springframework.data.repository.config.RepositoryConfigurationDelegate [main] Finished Spring Data repository scanning in 37 ms. Found 5 JPA repository interfaces.
2022-08-04 13:27:15,747 INFO org.springframework.boot.web.embedded.tomcat.TomcatWebServer [main] Tomcat initialized with port(s): 8080 (http)
2022-08-04 13:27:15,756 INFO org.apache.juli.logging.DirectJDKLog [main] Initializing ProtocolHandler ["http-nio-8080"]
2022-08-04 13:27:15,756 INFO org.apache.juli.logging.DirectJDKLog [main] Starting service [Tomcat]
2022-08-04 13:27:15,757 INFO org.apache.juli.logging.DirectJDKLog [main] Starting Servlet engine: [Apache Tomcat/9.0.56]
2022-08-04 13:27:15,822 INFO org.apache.juli.logging.DirectJDKLog [main] Initializing Spring embedded WebApplicationContext
2022-08-04 13:27:15,822 INFO org.springframework.boot.web.servlet.context.ServletWebServerApplicationContext [main] Root WebApplicationContext: initialization completed in 1253 ms
2022-08-04 13:27:16,134 INFO org.ehcache.core.EhcacheManager [main] Cache 'buscarMusicas' created in EhcacheManager.
2022-08-04 13:27:16,141 INFO org.ehcache.jsr107.Eh107CacheManager [main] Registering Ehcache MBean javax.cache:type=CacheStatistics,CacheManager=urn.X-ehcache.jsr107-default-config,Cache=buscarMusicas
2022-08-04 13:27:16,146 INFO org.ehcache.jsr107.Eh107CacheManager [main] Registering Ehcache MBean javax.cache:type=CacheStatistics,CacheManager=urn.X-ehcache.jsr107-default-config,Cache=buscarMusicas
2022-08-04 13:27:16,216 INFO org.hibernate.jpa.internal.util.LogHelper [main] HHH000204: Processing PersistenceUnitInfo [name: default]
2022-08-04 13:27:16,246 INFO org.hibernate.Version [main] HHH000412: Hibernate ORM core version 5.6.4.Final
2022-08-04 13:27:16,333 INFO org.hibernate.annotations.common.reflection.java.JavaReflectionManager [main] HCANN000001: Hibernate Commons Annotations {5.1.2.Final}
2022-08-04 13:27:16,387 INFO org.hibernate.dialect.Dialect [main] HHH000400: Using dialect: org.hibernate.dialect.SQLiteDialect
2022-08-04 13:27:16,892 INFO org.hibernate.engine.transaction.jta.platform.internal.JtaPlatformInitiator [main] HHH000490: Using JtaPlatform implementation: [org.hibernate.engine.transaction.jta.platform.internal.NoJtaPlatform]
2022-08-04 13:27:16,897 INFO org.springframework.orm.jpa.AbstractEntityManagerFactoryBean [main] Initialized JPA EntityManagerFactory for persistence unit 'default'
2022-08-04 13:27:17,365 WARN org.springframework.boot.autoconfigure.orm.jpa.JpaBaseConfiguration$JpaWebConfiguration [main] spring.jpa.open-in-view is enabled by default. Therefore, database queries may be performed during view rendering. Explicitly configure spring.jpa.open-in-view to disable this warning
2022-08-04 13:27:18,361 INFO org.springframework.boot.actuate.endpoint.web.EndpointLinksResolver [main] Exposing 1 endpoint(s) beneath base path '/actuator'
2022-08-04 13:27:18,382 INFO org.apache.juli.logging.DirectJDKLog [main] Starting ProtocolHandler ["http-nio-8080"]
2022-08-04 13:27:18,394 INFO org.springframework.boot.web.embedded.tomcat.TomcatWebServer [main] Tomcat started on port(s): 8080 (http) with context path ''
2022-08-04 13:27:18,404 INFO org.springframework.boot.StartupInfoLogger [main] Started SummitBootcampApplication in 4.237 seconds (JVM running for 4.733)
2022-08-04 14:21:41,329 INFO org.springframework.orm.jpa.AbstractEntityManagerFactoryBean [SpringApplicationShutdownHook] Closing JPA EntityManagerFactory for persistence unit 'default'
2022-08-04 14:21:41,335 INFO org.ehcache.core.EhcacheManager [SpringApplicationShutdownHook] Cache 'buscarMusicas' removed from EhcacheManager.
2022-08-04 14:21:43,569 INFO org.springframework.boot.StartupInfoLogger [main] Starting SummitBootcampApplication using Java 11.0.15 on lnb035703cps with PID 121041 (/home/fabianosr/projetct-myMusic-toTal/MyMusic/target/classes started by CIANDT\fabianosr in /home/fabianosr/projetct-myMusic-toTal/MyMusic)
2022-08-04 14:21:43,572 INFO org.springframework.boot.SpringApplication [main] No active profile set, falling back to default profiles: default
2022-08-04 14:21:44,425 INFO org.springframework.data.repository.config.RepositoryConfigurationDelegate [main] Bootstrapping Spring Data JPA repositories in DEFAULT mode.
2022-08-04 14:21:44,481 INFO org.springframework.data.repository.config.RepositoryConfigurationDelegate [main] Finished Spring Data repository scanning in 48 ms. Found 5 JPA repository interfaces.
2022-08-04 14:21:45,051 INFO org.springframework.boot.web.embedded.tomcat.TomcatWebServer [main] Tomcat initialized with port(s): 8080 (http)
2022-08-04 14:21:45,061 INFO org.apache.juli.logging.DirectJDKLog [main] Initializing ProtocolHandler ["http-nio-8080"]
2022-08-04 14:21:45,061 INFO org.apache.juli.logging.DirectJDKLog [main] Starting service [Tomcat]
2022-08-04 14:21:45,061 INFO org.apache.juli.logging.DirectJDKLog [main] Starting Servlet engine: [Apache Tomcat/9.0.56]
2022-08-04 14:21:45,130 INFO org.apache.juli.logging.DirectJDKLog [main] Initializing Spring embedded WebApplicationContext
2022-08-04 14:21:45,130 INFO org.springframework.boot.web.servlet.context.ServletWebServerApplicationContext [main] Root WebApplicationContext: initialization completed in 1518 ms
2022-08-04 14:21:45,440 INFO org.ehcache.core.EhcacheManager [main] Cache 'buscarMusicas' created in EhcacheManager.
2022-08-04 14:21:45,447 INFO org.ehcache.jsr107.Eh107CacheManager [main] Registering Ehcache MBean javax.cache:type=CacheStatistics,CacheManager=urn.X-ehcache.jsr107-default-config,Cache=buscarMusicas
2022-08-04 14:21:45,452 INFO org.ehcache.jsr107.Eh107CacheManager [main] Registering Ehcache MBean javax.cache:type=CacheStatistics,CacheManager=urn.X-ehcache.jsr107-default-config,Cache=buscarMusicas
2022-08-04 14:21:45,523 INFO org.hibernate.jpa.internal.util.LogHelper [main] HHH000204: Processing PersistenceUnitInfo [name: default]
2022-08-04 14:21:45,556 INFO org.hibernate.Version [main] HHH000412: Hibernate ORM core version 5.6.4.Final
2022-08-04 14:21:45,672 INFO org.hibernate.annotations.common.reflection.java.JavaReflectionManager [main] HCANN000001: Hibernate Commons Annotations {5.1.2.Final}
2022-08-04 14:21:45,737 INFO org.hibernate.dialect.Dialect [main] HHH000400: Using dialect: org.hibernate.dialect.SQLiteDialect
2022-08-04 14:21:46,350 INFO org.hibernate.engine.transaction.jta.platform.internal.JtaPlatformInitiator [main] HHH000490: Using JtaPlatform implementation: [org.hibernate.engine.transaction.jta.platform.internal.NoJtaPlatform]
2022-08-04 14:21:46,358 INFO org.springframework.orm.jpa.AbstractEntityManagerFactoryBean [main] Initialized JPA EntityManagerFactory for persistence unit 'default'
2022-08-04 14:21:46,905 WARN org.springframework.boot.autoconfigure.orm.jpa.JpaBaseConfiguration$JpaWebConfiguration [main] spring.jpa.open-in-view is enabled by default. Therefore, database queries may be performed during view rendering. Explicitly configure spring.jpa.open-in-view to disable this warning
2022-08-04 14:21:47,806 INFO org.springframework.boot.actuate.endpoint.web.EndpointLinksResolver [main] Exposing 1 endpoint(s) beneath base path '/actuator'
2022-08-04 14:21:47,848 INFO org.apache.juli.logging.DirectJDKLog [main] Starting ProtocolHandler ["http-nio-8080"]
2022-08-04 14:21:47,863 INFO org.springframework.boot.web.embedded.tomcat.TomcatWebServer [main] Tomcat started on port(s): 8080 (http) with context path ''
2022-08-04 14:21:47,878 INFO org.springframework.boot.StartupInfoLogger [main] Started SummitBootcampApplication in 4.652 seconds (JVM running for 5.194)
2022-08-04 14:21:53,161 INFO org.springframework.orm.jpa.AbstractEntityManagerFactoryBean [SpringApplicationShutdownHook] Closing JPA EntityManagerFactory for persistence unit 'default'
2022-08-04 14:21:53,164 INFO org.ehcache.core.EhcacheManager [SpringApplicationShutdownHook] Cache 'buscarMusicas' removed from EhcacheManager.
2022-08-04 15:48:51,833 INFO org.springframework.boot.StartupInfoLogger [main] Starting SummitBootcampApplication using Java 11.0.15 on lnb035703cps with PID 145072 (/home/fabianosr/projetct-myMusic-toTal/MyMusic/target/classes started by CIANDT\fabianosr in /home/fabianosr/projetct-myMusic-toTal/MyMusic)
2022-08-04 15:48:51,835 INFO org.springframework.boot.SpringApplication [main] No active profile set, falling back to default profiles: default
2022-08-04 15:48:52,674 INFO org.springframework.data.repository.config.RepositoryConfigurationDelegate [main] Bootstrapping Spring Data JPA repositories in DEFAULT mode.
2022-08-04 15:48:52,718 INFO org.springframework.data.repository.config.RepositoryConfigurationDelegate [main] Finished Spring Data repository scanning in 36 ms. Found 5 JPA repository interfaces.
2022-08-04 15:48:53,265 INFO org.springframework.boot.web.embedded.tomcat.TomcatWebServer [main] Tomcat initialized with port(s): 8080 (http)
2022-08-04 15:48:53,275 INFO org.apache.juli.logging.DirectJDKLog [main] Initializing ProtocolHandler ["http-nio-8080"]
2022-08-04 15:48:53,276 INFO org.apache.juli.logging.DirectJDKLog [main] Starting service [Tomcat]
2022-08-04 15:48:53,276 INFO org.apache.juli.logging.DirectJDKLog [main] Starting Servlet engine: [Apache Tomcat/9.0.56]
2022-08-04 15:48:53,348 INFO org.apache.juli.logging.DirectJDKLog [main] Initializing Spring embedded WebApplicationContext
2022-08-04 15:48:53,349 INFO org.springframework.boot.web.servlet.context.ServletWebServerApplicationContext [main] Root WebApplicationContext: initialization completed in 1474 ms
2022-08-04 15:48:53,729 INFO org.ehcache.core.EhcacheManager [main] Cache 'buscarMusicas' created in EhcacheManager.
2022-08-04 15:48:53,735 INFO org.ehcache.jsr107.Eh107CacheManager [main] Registering Ehcache MBean javax.cache:type=CacheStatistics,CacheManager=urn.X-ehcache.jsr107-default-config,Cache=buscarMusicas
2022-08-04 15:48:53,740 INFO org.ehcache.jsr107.Eh107CacheManager [main] Registering Ehcache MBean javax.cache:type=CacheStatistics,CacheManager=urn.X-ehcache.jsr107-default-config,Cache=buscarMusicas
2022-08-04 15:48:53,810 INFO org.hibernate.jpa.internal.util.LogHelper [main] HHH000204: Processing PersistenceUnitInfo [name: default]
2022-08-04 15:48:53,843 INFO org.hibernate.Version [main] HHH000412: Hibernate ORM core version 5.6.4.Final
2022-08-04 15:48:53,947 INFO org.hibernate.annotations.common.reflection.java.JavaReflectionManager [main] HCANN000001: Hibernate Commons Annotations {5.1.2.Final}
2022-08-04 15:48:54,007 INFO org.hibernate.dialect.Dialect [main] HHH000400: Using dialect: org.hibernate.dialect.SQLiteDialect
2022-08-04 15:48:54,546 INFO org.hibernate.engine.transaction.jta.platform.internal.JtaPlatformInitiator [main] HHH000490: Using JtaPlatform implementation: [org.hibernate.engine.transaction.jta.platform.internal.NoJtaPlatform]
2022-08-04 15:48:54,553 INFO org.springframework.orm.jpa.AbstractEntityManagerFactoryBean [main] Initialized JPA EntityManagerFactory for persistence unit 'default'
2022-08-04 15:48:55,007 WARN org.springframework.boot.autoconfigure.orm.jpa.JpaBaseConfiguration$JpaWebConfiguration [main] spring.jpa.open-in-view is enabled by default. Therefore, database queries may be performed during view rendering. Explicitly configure spring.jpa.open-in-view to disable this warning
2022-08-04 15:48:55,926 INFO org.springframework.boot.actuate.endpoint.web.EndpointLinksResolver [main] Exposing 1 endpoint(s) beneath base path '/actuator'
2022-08-04 15:48:55,955 INFO org.apache.juli.logging.DirectJDKLog [main] Starting ProtocolHandler ["http-nio-8080"]
2022-08-04 15:48:55,967 INFO org.springframework.boot.web.embedded.tomcat.TomcatWebServer [main] Tomcat started on port(s): 8080 (http) with context path ''
2022-08-04 15:48:55,979 INFO org.springframework.boot.StartupInfoLogger [main] Started SummitBootcampApplication in 4.492 seconds (JVM running for 4.956)
2022-08-04 15:49:23,090 INFO org.springframework.orm.jpa.AbstractEntityManagerFactoryBean [SpringApplicationShutdownHook] Closing JPA EntityManagerFactory for persistence unit 'default'
2022-08-04 15:49:23,094 INFO org.ehcache.core.EhcacheManager [SpringApplicationShutdownHook] Cache 'buscarMusicas' removed from EhcacheManager.
2022-08-04 15:49:26,233 INFO org.springframework.boot.StartupInfoLogger [main] Starting SummitBootcampApplication using Java 11.0.15 on lnb035703cps with PID 145296 (/home/fabianosr/projetct-myMusic-toTal/MyMusic/target/classes started by CIANDT\fabianosr in /home/fabianosr/projetct-myMusic-toTal/MyMusic)
2022-08-04 15:49:26,238 INFO org.springframework.boot.SpringApplication [main] No active profile set, falling back to default profiles: default
2022-08-04 15:49:27,006 INFO org.springframework.data.repository.config.RepositoryConfigurationDelegate [main] Bootstrapping Spring Data JPA repositories in DEFAULT mode.
2022-08-04 15:49:27,050 INFO org.springframework.data.repository.config.RepositoryConfigurationDelegate [main] Finished Spring Data repository scanning in 37 ms. Found 5 JPA repository interfaces.
2022-08-04 15:49:27,577 INFO org.springframework.boot.web.embedded.tomcat.TomcatWebServer [main] Tomcat initialized with port(s): 8080 (http)
2022-08-04 15:49:27,594 INFO org.apache.juli.logging.DirectJDKLog [main] Initializing ProtocolHandler ["http-nio-8080"]
2022-08-04 15:49:27,594 INFO org.apache.juli.logging.DirectJDKLog [main] Starting service [Tomcat]
2022-08-04 15:49:27,595 INFO org.apache.juli.logging.DirectJDKLog [main] Starting Servlet engine: [Apache Tomcat/9.0.56]
2022-08-04 15:49:27,666 INFO org.apache.juli.logging.DirectJDKLog [main] Initializing Spring embedded WebApplicationContext
2022-08-04 15:49:27,666 INFO org.springframework.boot.web.servlet.context.ServletWebServerApplicationContext [main] Root WebApplicationContext: initialization completed in 1378 ms
2022-08-04 15:49:28,062 INFO org.ehcache.core.EhcacheManager [main] Cache 'buscarMusicas' created in EhcacheManager.
2022-08-04 15:49:28,071 INFO org.ehcache.jsr107.Eh107CacheManager [main] Registering Ehcache MBean javax.cache:type=CacheStatistics,CacheManager=urn.X-ehcache.jsr107-default-config,Cache=buscarMusicas
2022-08-04 15:49:28,078 INFO org.ehcache.jsr107.Eh107CacheManager [main] Registering Ehcache MBean javax.cache:type=CacheStatistics,CacheManager=urn.X-ehcache.jsr107-default-config,Cache=buscarMusicas
2022-08-04 15:49:28,175 INFO org.hibernate.jpa.internal.util.LogHelper [main] HHH000204: Processing PersistenceUnitInfo [name: default]
2022-08-04 15:49:28,220 INFO org.hibernate.Version [main] HHH000412: Hibernate ORM core version 5.6.4.Final
2022-08-04 15:49:28,352 INFO org.hibernate.annotations.common.reflection.java.JavaReflectionManager [main] HCANN000001: Hibernate Commons Annotations {5.1.2.Final}
2022-08-04 15:49:28,420 INFO org.hibernate.dialect.Dialect [main] HHH000400: Using dialect: org.hibernate.dialect.SQLiteDialect
2022-08-04 15:49:28,977 INFO org.hibernate.engine.transaction.jta.platform.internal.JtaPlatformInitiator [main] HHH000490: Using JtaPlatform implementation: [org.hibernate.engine.transaction.jta.platform.internal.NoJtaPlatform]
2022-08-04 15:49:28,983 INFO org.springframework.orm.jpa.AbstractEntityManagerFactoryBean [main] Initialized JPA EntityManagerFactory for persistence unit 'default'
2022-08-04 15:49:29,601 WARN org.springframework.boot.autoconfigure.orm.jpa.JpaBaseConfiguration$JpaWebConfiguration [main] spring.jpa.open-in-view is enabled by default. Therefore, database queries may be performed during view rendering. Explicitly configure spring.jpa.open-in-view to disable this warning
2022-08-04 15:49:30,613 INFO org.springframework.boot.actuate.endpoint.web.EndpointLinksResolver [main] Exposing 1 endpoint(s) beneath base path '/actuator'
2022-08-04 15:49:30,655 INFO org.apache.juli.logging.DirectJDKLog [main] Starting ProtocolHandler ["http-nio-8080"]
2022-08-04 15:49:30,671 INFO org.springframework.boot.web.embedded.tomcat.TomcatWebServer [main] Tomcat started on port(s): 8080 (http) with context path ''
2022-08-04 15:49:30,686 INFO org.springframework.boot.StartupInfoLogger [main] Started SummitBootcampApplication in 4.843 seconds (JVM running for 5.456)
2022-08-04 15:52:46,577 INFO org.apache.juli.logging.DirectJDKLog [http-nio-8080-exec-1] Initializing Spring DispatcherServlet 'dispatcherServlet'
2022-08-04 15:52:46,578 INFO org.springframework.web.servlet.FrameworkServlet [http-nio-8080-exec-1] Initializing Servlet 'dispatcherServlet'
2022-08-04 15:52:46,579 INFO org.springframework.web.servlet.FrameworkServlet [http-nio-8080-exec-1] Completed initialization in 1 ms
2022-08-04 15:52:46,591 INFO com.ciandt.summit.bootcamp2022.interceptor.Interceptor [http-nio-8080-exec-1] Requisição interceptada: null
2022-08-04 15:52:46,663 INFO com.ciandt.summit.bootcamp2022.controller.PlaylistController [http-nio-8080-exec-1] Executando POST - /playlists/590aee60-448c-42d1-ad60-c2e82d20d3c6/musicas/c921280c-4ded-469e-b472-f28ca8dfb689
2022-08-04 15:52:46,664 INFO com.ciandt.summit.bootcamp2022.service.PlaylistServiceImp [http-nio-8080-exec-1] Buscando playlist com id: 590aee60-448c-42d1-ad60-c2e82d20d3c6
2022-08-04 15:52:46,726 INFO com.ciandt.summit.bootcamp2022.service.UsuarioServiceImp [http-nio-8080-exec-1] Buscando usuario com id: c921280c-4ded-469e-b472-f28ca8dfb689
2022-08-04 15:52:46,762 ERROR com.ciandt.summit.bootcamp2022.exception.ExceptionService [http-nio-8080-exec-1] Você atingiu o número máximo de músicas em sua playlist.Para adicionar mais músicas contrate o plano Premium. (c921280c-4ded-469e-b472-f28ca8dfb689) - 401 UNAUTHORIZED
2022-08-04 16:48:38,587 INFO org.springframework.orm.jpa.AbstractEntityManagerFactoryBean [SpringApplicationShutdownHook] Closing JPA EntityManagerFactory for persistence unit 'default'
2022-08-04 16:48:38,590 INFO org.ehcache.core.EhcacheManager [SpringApplicationShutdownHook] Cache 'buscarMusicas' removed from EhcacheManager.
