2022-07-29 15:01:29,253 INFO org.springframework.boot.StartupInfoLogger [main] Starting SummitBootcampApplication using Java 11.0.15 on lnb035703cps with PID 97800 (/home/fabianosr/projetct-myMusic-toTal/MyMusic/target/classes started by CIANDT\fabianosr in /home/fabianosr/projetct-myMusic-toTal/MyMusic)
2022-07-29 15:01:29,255 INFO org.springframework.boot.SpringApplication [main] No active profile set, falling back to default profiles: default
2022-07-29 15:01:30,146 INFO org.springframework.data.repository.config.RepositoryConfigurationDelegate [main] Bootstrapping Spring Data JPA repositories in DEFAULT mode.
2022-07-29 15:01:30,194 INFO org.springframework.data.repository.config.RepositoryConfigurationDelegate [main] Finished Spring Data repository scanning in 40 ms. Found 5 JPA repository interfaces.
2022-07-29 15:01:30,728 INFO org.springframework.boot.web.embedded.tomcat.TomcatWebServer [main] Tomcat initialized with port(s): 8080 (http)
2022-07-29 15:01:30,737 INFO org.apache.juli.logging.DirectJDKLog [main] Initializing ProtocolHandler ["http-nio-8080"]
2022-07-29 15:01:30,738 INFO org.apache.juli.logging.DirectJDKLog [main] Starting service [Tomcat]
2022-07-29 15:01:30,738 INFO org.apache.juli.logging.DirectJDKLog [main] Starting Servlet engine: [Apache Tomcat/9.0.56]
2022-07-29 15:01:30,798 INFO org.apache.juli.logging.DirectJDKLog [main] Initializing Spring embedded WebApplicationContext
2022-07-29 15:01:30,798 INFO org.springframework.boot.web.servlet.context.ServletWebServerApplicationContext [main] Root WebApplicationContext: initialization completed in 1502 ms
2022-07-29 15:01:31,188 INFO org.ehcache.core.EhcacheManager [main] Cache 'buscarMusicas' created in EhcacheManager.
2022-07-29 15:01:31,200 INFO org.ehcache.jsr107.Eh107CacheManager [main] Registering Ehcache MBean javax.cache:type=CacheStatistics,CacheManager=urn.X-ehcache.jsr107-default-config,Cache=buscarMusicas
2022-07-29 15:01:31,207 INFO org.ehcache.jsr107.Eh107CacheManager [main] Registering Ehcache MBean javax.cache:type=CacheStatistics,CacheManager=urn.X-ehcache.jsr107-default-config,Cache=buscarMusicas
2022-07-29 15:01:31,330 INFO org.hibernate.jpa.internal.util.LogHelper [main] HHH000204: Processing PersistenceUnitInfo [name: default]
2022-07-29 15:01:31,388 INFO org.hibernate.Version [main] HHH000412: Hibernate ORM core version 5.6.4.Final
2022-07-29 15:01:31,547 INFO org.hibernate.annotations.common.reflection.java.JavaReflectionManager [main] HCANN000001: Hibernate Commons Annotations {5.1.2.Final}
2022-07-29 15:01:31,611 INFO org.hibernate.dialect.Dialect [main] HHH000400: Using dialect: org.hibernate.dialect.SQLiteDialect
2022-07-29 15:01:32,132 INFO org.hibernate.engine.transaction.jta.platform.internal.JtaPlatformInitiator [main] HHH000490: Using JtaPlatform implementation: [org.hibernate.engine.transaction.jta.platform.internal.NoJtaPlatform]
2022-07-29 15:01:32,137 INFO org.springframework.orm.jpa.AbstractEntityManagerFactoryBean [main] Initialized JPA EntityManagerFactory for persistence unit 'default'
2022-07-29 15:01:32,592 WARN org.springframework.boot.autoconfigure.orm.jpa.JpaBaseConfiguration$JpaWebConfiguration [main] spring.jpa.open-in-view is enabled by default. Therefore, database queries may be performed during view rendering. Explicitly configure spring.jpa.open-in-view to disable this warning
2022-07-29 15:01:33,583 INFO org.springframework.boot.actuate.endpoint.web.EndpointLinksResolver [main] Exposing 1 endpoint(s) beneath base path '/actuator'
2022-07-29 15:01:33,609 INFO org.apache.juli.logging.DirectJDKLog [main] Starting ProtocolHandler ["http-nio-8080"]
2022-07-29 15:01:33,625 INFO org.springframework.boot.web.embedded.tomcat.TomcatWebServer [main] Tomcat started on port(s): 8080 (http) with context path ''
2022-07-29 15:01:33,640 INFO org.springframework.boot.StartupInfoLogger [main] Started SummitBootcampApplication in 4.753 seconds (JVM running for 5.353)
2022-07-29 15:01:41,793 INFO org.apache.juli.logging.DirectJDKLog [http-nio-8080-exec-1] Initializing Spring DispatcherServlet 'dispatcherServlet'
2022-07-29 15:01:41,794 INFO org.springframework.web.servlet.FrameworkServlet [http-nio-8080-exec-1] Initializing Servlet 'dispatcherServlet'
2022-07-29 15:01:41,796 INFO org.springframework.web.servlet.FrameworkServlet [http-nio-8080-exec-1] Completed initialization in 1 ms
2022-07-29 15:01:44,548 INFO org.springdoc.api.AbstractOpenApiResource [http-nio-8080-exec-10] Init duration for springdoc-openapi is: 222 ms
2022-07-29 17:35:56,963 INFO org.springframework.orm.jpa.AbstractEntityManagerFactoryBean [SpringApplicationShutdownHook] Closing JPA EntityManagerFactory for persistence unit 'default'
2022-07-29 17:35:56,966 INFO org.ehcache.core.EhcacheManager [SpringApplicationShutdownHook] Cache 'buscarMusicas' removed from EhcacheManager.
