2022-08-08 08:37:17,943 INFO org.springframework.boot.StartupInfoLogger [main] Starting SummitBootcampApplication using Java 11.0.15 on lnb035703cps with PID 27820 (/home/fabianosr/projetct-myMusic-toTal/MyMusic/target/classes started by CIANDT\fabianosr in /home/fabianosr/projetct-myMusic-toTal/MyMusic)
2022-08-08 08:37:17,945 INFO org.springframework.boot.SpringApplication [main] No active profile set, falling back to default profiles: default
2022-08-08 08:37:18,793 INFO org.springframework.data.repository.config.RepositoryConfigurationDelegate [main] Bootstrapping Spring Data JPA repositories in DEFAULT mode.
2022-08-08 08:37:18,839 INFO org.springframework.data.repository.config.RepositoryConfigurationDelegate [main] Finished Spring Data repository scanning in 38 ms. Found 5 JPA repository interfaces.
2022-08-08 08:37:19,342 INFO org.springframework.boot.web.embedded.tomcat.TomcatWebServer [main] Tomcat initialized with port(s): 8080 (http)
2022-08-08 08:37:19,350 INFO org.apache.juli.logging.DirectJDKLog [main] Initializing ProtocolHandler ["http-nio-8080"]
2022-08-08 08:37:19,350 INFO org.apache.juli.logging.DirectJDKLog [main] Starting service [Tomcat]
2022-08-08 08:37:19,350 INFO org.apache.juli.logging.DirectJDKLog [main] Starting Servlet engine: [Apache Tomcat/9.0.56]
2022-08-08 08:37:19,422 INFO org.apache.juli.logging.DirectJDKLog [main] Initializing Spring embedded WebApplicationContext
2022-08-08 08:37:19,423 INFO org.springframework.boot.web.servlet.context.ServletWebServerApplicationContext [main] Root WebApplicationContext: initialization completed in 1435 ms
2022-08-08 08:37:19,801 INFO org.ehcache.core.EhcacheManager [main] Cache 'buscarMusicas' created in EhcacheManager.
2022-08-08 08:37:19,808 INFO org.ehcache.jsr107.Eh107CacheManager [main] Registering Ehcache MBean javax.cache:type=CacheStatistics,CacheManager=urn.X-ehcache.jsr107-default-config,Cache=buscarMusicas
2022-08-08 08:37:19,814 INFO org.ehcache.jsr107.Eh107CacheManager [main] Registering Ehcache MBean javax.cache:type=CacheStatistics,CacheManager=urn.X-ehcache.jsr107-default-config,Cache=buscarMusicas
2022-08-08 08:37:19,917 INFO org.hibernate.jpa.internal.util.LogHelper [main] HHH000204: Processing PersistenceUnitInfo [name: default]
2022-08-08 08:37:19,966 INFO org.hibernate.Version [main] HHH000412: Hibernate ORM core version 5.6.4.Final
2022-08-08 08:37:20,175 INFO org.hibernate.annotations.common.reflection.java.JavaReflectionManager [main] HCANN000001: Hibernate Commons Annotations {5.1.2.Final}
2022-08-08 08:37:20,285 INFO org.hibernate.dialect.Dialect [main] HHH000400: Using dialect: org.hibernate.dialect.SQLiteDialect
2022-08-08 08:37:20,935 INFO org.hibernate.engine.transaction.jta.platform.internal.JtaPlatformInitiator [main] HHH000490: Using JtaPlatform implementation: [org.hibernate.engine.transaction.jta.platform.internal.NoJtaPlatform]
2022-08-08 08:37:20,940 INFO org.springframework.orm.jpa.AbstractEntityManagerFactoryBean [main] Initialized JPA EntityManagerFactory for persistence unit 'default'
2022-08-08 08:37:21,516 WARN org.springframework.boot.autoconfigure.orm.jpa.JpaBaseConfiguration$JpaWebConfiguration [main] spring.jpa.open-in-view is enabled by default. Therefore, database queries may be performed during view rendering. Explicitly configure spring.jpa.open-in-view to disable this warning
2022-08-08 08:37:22,556 INFO org.springframework.boot.actuate.endpoint.web.EndpointLinksResolver [main] Exposing 1 endpoint(s) beneath base path '/actuator'
2022-08-08 08:37:22,585 INFO org.apache.juli.logging.DirectJDKLog [main] Starting ProtocolHandler ["http-nio-8080"]
2022-08-08 08:37:22,602 INFO org.springframework.boot.web.embedded.tomcat.TomcatWebServer [main] Tomcat started on port(s): 8080 (http) with context path ''
2022-08-08 08:37:22,616 INFO org.springframework.boot.StartupInfoLogger [main] Started SummitBootcampApplication in 5.017 seconds (JVM running for 5.572)
2022-08-08 08:50:59,050 INFO org.apache.juli.logging.DirectJDKLog [http-nio-8080-exec-2] Initializing Spring DispatcherServlet 'dispatcherServlet'
2022-08-08 08:50:59,050 INFO org.springframework.web.servlet.FrameworkServlet [http-nio-8080-exec-2] Initializing Servlet 'dispatcherServlet'
2022-08-08 08:50:59,052 INFO org.springframework.web.servlet.FrameworkServlet [http-nio-8080-exec-2] Completed initialization in 2 ms
2022-08-08 08:50:59,069 INFO com.ciandt.summit.bootcamp2022.interceptor.Interceptor [http-nio-8080-exec-2] Requisição interceptada: null
2022-08-08 08:50:59,090 INFO com.ciandt.summit.bootcamp2022.controller.UserController [http-nio-8080-exec-2] Executando GET - /api/usuario?id=21a2cb7c-8bbe-40b3-ae18-c02660e257b0
2022-08-08 08:50:59,091 INFO com.ciandt.summit.bootcamp2022.service.UsuarioServiceImp [http-nio-8080-exec-2] Buscando usuario com id: 21a2cb7c-8bbe-40b3-ae18-c02660e257b0
2022-08-08 08:50:59,133 INFO com.ciandt.summit.bootcamp2022.controller.UserController [http-nio-8080-exec-2] Busca realizada com sucesso - 200 OK
2022-08-08 08:52:48,081 INFO com.ciandt.summit.bootcamp2022.interceptor.Interceptor [http-nio-8080-exec-5] Requisição interceptada: Basic ZmFiaWFubzpCcjhYMmlxWGErcm1rYkJmZWx3SkVKT2dSQ2tQZ3puL3VwWmNsTEdyWkdHd2FnNUhHci9JQWFXa3UwcUpGSmtm
2022-08-08 08:52:48,086 INFO com.ciandt.summit.bootcamp2022.controller.MusicController [http-nio-8080-exec-5] Executando GET - /api/musicas?filtro=mars
2022-08-08 08:52:48,094 INFO com.ciandt.summit.bootcamp2022.service.MusicaServiceImp [http-nio-8080-exec-5] Buscando musicas com o filtro: mars
2022-08-08 08:52:48,217 INFO com.ciandt.summit.bootcamp2022.service.MusicaServiceImp [http-nio-8080-exec-5] Ordenando as musicas encontradas
2022-08-08 08:52:48,224 INFO com.ciandt.summit.bootcamp2022.controller.MusicController [http-nio-8080-exec-5] Busca realizada com sucesso - 200 OK
2022-08-08 08:52:52,591 INFO com.ciandt.summit.bootcamp2022.interceptor.Interceptor [http-nio-8080-exec-6] Requisição interceptada: null
2022-08-08 08:52:52,591 INFO com.ciandt.summit.bootcamp2022.controller.MusicController [http-nio-8080-exec-6] Executando GET - /api/musicas?filtro=mars
2022-08-08 08:52:52,592 INFO com.ciandt.summit.bootcamp2022.controller.MusicController [http-nio-8080-exec-6] Busca realizada com sucesso - 200 OK
2022-08-08 09:05:18,914 INFO com.ciandt.summit.bootcamp2022.interceptor.Interceptor [http-nio-8080-exec-9] Requisição interceptada: null
2022-08-08 09:05:18,947 INFO com.ciandt.summit.bootcamp2022.controller.PlaylistController [http-nio-8080-exec-9] Executando POST - /playlists/0ca61061-1fa8-418e-8e17-8234fb38c7a8/musicas/21a2cb7c-8bbe-40b3-ae18-c02660e257b0
2022-08-08 09:05:18,947 INFO com.ciandt.summit.bootcamp2022.service.PlaylistServiceImp [http-nio-8080-exec-9] Buscando playlist com id: 0ca61061-1fa8-418e-8e17-8234fb38c7a8
2022-08-08 09:05:18,949 INFO com.ciandt.summit.bootcamp2022.service.UsuarioServiceImp [http-nio-8080-exec-9] Buscando usuario com id: 21a2cb7c-8bbe-40b3-ae18-c02660e257b0
2022-08-08 09:05:18,951 INFO com.ciandt.summit.bootcamp2022.service.MusicaServiceImp [http-nio-8080-exec-9] Buscando música com id: 67f5976c-eb1e-404e-8220-2c2a8a23be47
2022-08-08 09:05:18,954 INFO com.ciandt.summit.bootcamp2022.service.PlaylistServiceImp [http-nio-8080-exec-9] Validando payload do RequestBody
2022-08-08 09:05:18,974 ERROR com.ciandt.summit.bootcamp2022.exception.ExceptionService [http-nio-8080-exec-9] Não é permitido salvar a mesma música duas vezes. - 403 FORBIDDEN
2022-08-08 09:05:28,779 INFO com.ciandt.summit.bootcamp2022.interceptor.Interceptor [http-nio-8080-exec-10] Requisição interceptada: null
2022-08-08 09:05:28,781 INFO com.ciandt.summit.bootcamp2022.controller.UserController [http-nio-8080-exec-10] Executando GET - /api/usuario?id=21a2cb7c-8bbe-40b3-ae18-c02660e257b0
2022-08-08 09:05:28,781 INFO com.ciandt.summit.bootcamp2022.service.UsuarioServiceImp [http-nio-8080-exec-10] Buscando usuario com id: 21a2cb7c-8bbe-40b3-ae18-c02660e257b0
2022-08-08 09:05:28,783 INFO com.ciandt.summit.bootcamp2022.controller.UserController [http-nio-8080-exec-10] Busca realizada com sucesso - 200 OK
2022-08-08 09:09:26,391 INFO com.ciandt.summit.bootcamp2022.interceptor.Interceptor [http-nio-8080-exec-3] Requisição interceptada: null
2022-08-08 09:09:26,392 INFO com.ciandt.summit.bootcamp2022.controller.PlaylistController [http-nio-8080-exec-3] Executando POST - /playlists/0ca61061-1fa8-418e-8e17-8234fb38c7a8/musicas/21a2cb7c-8bbe-40b3-ae18-c02660e257b0
2022-08-08 09:09:26,393 INFO com.ciandt.summit.bootcamp2022.service.PlaylistServiceImp [http-nio-8080-exec-3] Buscando playlist com id: 0ca61061-1fa8-418e-8e17-8234fb38c7a8
2022-08-08 09:09:26,394 INFO com.ciandt.summit.bootcamp2022.service.UsuarioServiceImp [http-nio-8080-exec-3] Buscando usuario com id: 21a2cb7c-8bbe-40b3-ae18-c02660e257b0
2022-08-08 09:09:26,396 INFO com.ciandt.summit.bootcamp2022.service.MusicaServiceImp [http-nio-8080-exec-3] Buscando música com id: 4ffb5d4f-8b7f-4996-b84b-ecf751f52eea
2022-08-08 09:09:26,397 INFO com.ciandt.summit.bootcamp2022.service.PlaylistServiceImp [http-nio-8080-exec-3] Validando payload do RequestBody
2022-08-08 09:09:26,397 ERROR com.ciandt.summit.bootcamp2022.service.PlaylistServiceImp [http-nio-8080-exec-3] Payload inválido.
2022-08-08 09:09:26,398 ERROR com.ciandt.summit.bootcamp2022.exception.ExceptionService [http-nio-8080-exec-3] Os dados inseridos não existem para a musica (4ffb5d4f-8b7f-4996-b84b-ecf751f52eea) - 400 BAD_REQUEST
2022-08-08 09:10:36,001 INFO com.ciandt.summit.bootcamp2022.interceptor.Interceptor [http-nio-8080-exec-5] Requisição interceptada: null
2022-08-08 09:10:36,002 INFO com.ciandt.summit.bootcamp2022.controller.MusicController [http-nio-8080-exec-5] Executando GET - /api/musicas?filtro=mars
2022-08-08 09:10:36,004 INFO com.ciandt.summit.bootcamp2022.service.MusicaServiceImp [http-nio-8080-exec-5] Buscando musicas com o filtro: mars
2022-08-08 09:10:36,018 INFO com.ciandt.summit.bootcamp2022.service.MusicaServiceImp [http-nio-8080-exec-5] Ordenando as musicas encontradas
2022-08-08 09:10:36,019 INFO com.ciandt.summit.bootcamp2022.controller.MusicController [http-nio-8080-exec-5] Busca realizada com sucesso - 200 OK
2022-08-08 09:11:11,423 INFO com.ciandt.summit.bootcamp2022.interceptor.Interceptor [http-nio-8080-exec-6] Requisição interceptada: null
2022-08-08 09:11:11,425 INFO com.ciandt.summit.bootcamp2022.controller.PlaylistController [http-nio-8080-exec-6] Executando POST - /playlists/0ca61061-1fa8-418e-8e17-8234fb38c7a8/musicas/21a2cb7c-8bbe-40b3-ae18-c02660e257b0
2022-08-08 09:11:11,426 INFO com.ciandt.summit.bootcamp2022.service.PlaylistServiceImp [http-nio-8080-exec-6] Buscando playlist com id: 0ca61061-1fa8-418e-8e17-8234fb38c7a8
2022-08-08 09:11:11,428 INFO com.ciandt.summit.bootcamp2022.service.UsuarioServiceImp [http-nio-8080-exec-6] Buscando usuario com id: 21a2cb7c-8bbe-40b3-ae18-c02660e257b0
2022-08-08 09:11:11,430 INFO com.ciandt.summit.bootcamp2022.service.MusicaServiceImp [http-nio-8080-exec-6] Buscando música com id: 4ffb5d4f-8b7f-4996-b84b-ecf751f52eea
2022-08-08 09:11:11,431 INFO com.ciandt.summit.bootcamp2022.service.PlaylistServiceImp [http-nio-8080-exec-6] Validando payload do RequestBody
2022-08-08 09:11:11,469 INFO com.ciandt.summit.bootcamp2022.controller.PlaylistController [http-nio-8080-exec-6] Música Adicionada - 201 OK
2022-08-08 09:11:59,674 INFO com.ciandt.summit.bootcamp2022.interceptor.Interceptor [http-nio-8080-exec-7] Requisição interceptada: null
2022-08-08 09:11:59,675 INFO com.ciandt.summit.bootcamp2022.controller.PlaylistController [http-nio-8080-exec-7] Executando POST - /playlists/0ca61061-1fa8-418e-8e17-8234fb38c7a8/musicas/21a2cb7c-8bbe-40b3-ae18-c02660e257b0
2022-08-08 09:11:59,676 INFO com.ciandt.summit.bootcamp2022.service.PlaylistServiceImp [http-nio-8080-exec-7] Buscando playlist com id: 0ca61061-1fa8-418e-8e17-8234fb38c7a8
2022-08-08 09:11:59,677 INFO com.ciandt.summit.bootcamp2022.service.UsuarioServiceImp [http-nio-8080-exec-7] Buscando usuario com id: 21a2cb7c-8bbe-40b3-ae18-c02660e257b0
2022-08-08 09:11:59,678 INFO com.ciandt.summit.bootcamp2022.service.MusicaServiceImp [http-nio-8080-exec-7] Buscando música com id: 4ffb5d4f-8b7f-4996-b84b-ecf751f52eea
2022-08-08 09:11:59,678 INFO com.ciandt.summit.bootcamp2022.service.PlaylistServiceImp [http-nio-8080-exec-7] Validando payload do RequestBody
2022-08-08 09:11:59,679 ERROR com.ciandt.summit.bootcamp2022.service.PlaylistServiceImp [http-nio-8080-exec-7] Payload inválido.
2022-08-08 09:11:59,679 ERROR com.ciandt.summit.bootcamp2022.exception.ExceptionService [http-nio-8080-exec-7] Os dados inseridos não existem para a musica (4ffb5d4f-8b7f-4996-b84b-ecf751f52eea) - 400 BAD_REQUEST
2022-08-08 09:12:16,946 INFO com.ciandt.summit.bootcamp2022.interceptor.Interceptor [http-nio-8080-exec-9] Requisição interceptada: null
2022-08-08 09:12:16,948 INFO com.ciandt.summit.bootcamp2022.controller.PlaylistController [http-nio-8080-exec-9] Executando POST - /playlists/0ca61061-1fa8-418e-8e17-8234fb38c7a8/musicas/21a2cb7c-8bbe-40b3-ae18-c02660e257b0
2022-08-08 09:12:16,948 INFO com.ciandt.summit.bootcamp2022.service.PlaylistServiceImp [http-nio-8080-exec-9] Buscando playlist com id: 0ca61061-1fa8-418e-8e17-8234fb38c7a8
2022-08-08 09:12:16,950 INFO com.ciandt.summit.bootcamp2022.service.UsuarioServiceImp [http-nio-8080-exec-9] Buscando usuario com id: 21a2cb7c-8bbe-40b3-ae18-c02660e257b0
2022-08-08 09:12:16,951 INFO com.ciandt.summit.bootcamp2022.service.MusicaServiceImp [http-nio-8080-exec-9] Buscando música com id: 4ffb5d4f-8b7f-4996-b84b-ecf751f52eea
2022-08-08 09:12:16,953 INFO com.ciandt.summit.bootcamp2022.service.PlaylistServiceImp [http-nio-8080-exec-9] Validando payload do RequestBody
2022-08-08 09:12:16,954 ERROR com.ciandt.summit.bootcamp2022.exception.ExceptionService [http-nio-8080-exec-9] Não é permitido salvar a mesma música duas vezes. - 403 FORBIDDEN
2022-08-08 09:13:48,864 INFO com.ciandt.summit.bootcamp2022.interceptor.Interceptor [http-nio-8080-exec-2] Requisição interceptada: null
2022-08-08 09:13:48,866 WARN org.springframework.web.servlet.handler.AbstractHandlerExceptionResolver [http-nio-8080-exec-2] Resolved [org.springframework.http.converter.HttpMessageNotReadableException: JSON parse error: Cannot construct instance of `com.ciandt.summit.bootcamp2022.controller.request.PlaylistRequest` (although at least one Creator exists): no String-argument constructor/factory method to deserialize from String value ('data'); nested exception is com.fasterxml.jackson.databind.exc.MismatchedInputException: Cannot construct instance of `com.ciandt.summit.bootcamp2022.controller.request.PlaylistRequest` (although at least one Creator exists): no String-argument constructor/factory method to deserialize from String value ('data')<EOL> at [Source: (PushbackInputStream); line: 2, column: 5]]
2022-08-08 09:13:48,870 INFO com.ciandt.summit.bootcamp2022.interceptor.Interceptor [http-nio-8080-exec-2] Requisição interceptada: null
2022-08-08 09:14:03,864 INFO org.springframework.orm.jpa.AbstractEntityManagerFactoryBean [SpringApplicationShutdownHook] Closing JPA EntityManagerFactory for persistence unit 'default'
2022-08-08 09:14:03,868 INFO org.ehcache.core.EhcacheManager [SpringApplicationShutdownHook] Cache 'buscarMusicas' removed from EhcacheManager.
2022-08-08 09:14:06,066 INFO org.springframework.boot.StartupInfoLogger [main] Starting SummitBootcampApplication using Java 11.0.15 on lnb035703cps with PID 52509 (/home/fabianosr/projetct-myMusic-toTal/MyMusic/target/classes started by CIANDT\fabianosr in /home/fabianosr/projetct-myMusic-toTal/MyMusic)
2022-08-08 09:14:06,072 INFO org.springframework.boot.SpringApplication [main] No active profile set, falling back to default profiles: default
2022-08-08 09:14:06,951 INFO org.springframework.data.repository.config.RepositoryConfigurationDelegate [main] Bootstrapping Spring Data JPA repositories in DEFAULT mode.
2022-08-08 09:14:07,007 INFO org.springframework.data.repository.config.RepositoryConfigurationDelegate [main] Finished Spring Data repository scanning in 49 ms. Found 5 JPA repository interfaces.
2022-08-08 09:14:07,508 INFO org.springframework.boot.web.embedded.tomcat.TomcatWebServer [main] Tomcat initialized with port(s): 8080 (http)
2022-08-08 09:14:07,517 INFO org.apache.juli.logging.DirectJDKLog [main] Initializing ProtocolHandler ["http-nio-8080"]
2022-08-08 09:14:07,518 INFO org.apache.juli.logging.DirectJDKLog [main] Starting service [Tomcat]
2022-08-08 09:14:07,518 INFO org.apache.juli.logging.DirectJDKLog [main] Starting Servlet engine: [Apache Tomcat/9.0.56]
2022-08-08 09:14:07,575 INFO org.apache.juli.logging.DirectJDKLog [main] Initializing Spring embedded WebApplicationContext
2022-08-08 09:14:07,576 INFO org.springframework.boot.web.servlet.context.ServletWebServerApplicationContext [main] Root WebApplicationContext: initialization completed in 1457 ms
2022-08-08 09:14:07,878 INFO org.ehcache.core.EhcacheManager [main] Cache 'buscarMusicas' created in EhcacheManager.
2022-08-08 09:14:07,887 INFO org.ehcache.jsr107.Eh107CacheManager [main] Registering Ehcache MBean javax.cache:type=CacheStatistics,CacheManager=urn.X-ehcache.jsr107-default-config,Cache=buscarMusicas
2022-08-08 09:14:07,892 INFO org.ehcache.jsr107.Eh107CacheManager [main] Registering Ehcache MBean javax.cache:type=CacheStatistics,CacheManager=urn.X-ehcache.jsr107-default-config,Cache=buscarMusicas
2022-08-08 09:14:07,979 INFO org.hibernate.jpa.internal.util.LogHelper [main] HHH000204: Processing PersistenceUnitInfo [name: default]
2022-08-08 09:14:08,012 INFO org.hibernate.Version [main] HHH000412: Hibernate ORM core version 5.6.4.Final
2022-08-08 09:14:08,136 INFO org.hibernate.annotations.common.reflection.java.JavaReflectionManager [main] HCANN000001: Hibernate Commons Annotations {5.1.2.Final}
2022-08-08 09:14:08,188 INFO org.hibernate.dialect.Dialect [main] HHH000400: Using dialect: org.hibernate.dialect.SQLiteDialect
2022-08-08 09:14:08,705 INFO org.hibernate.engine.transaction.jta.platform.internal.JtaPlatformInitiator [main] HHH000490: Using JtaPlatform implementation: [org.hibernate.engine.transaction.jta.platform.internal.NoJtaPlatform]
2022-08-08 09:14:08,712 INFO org.springframework.orm.jpa.AbstractEntityManagerFactoryBean [main] Initialized JPA EntityManagerFactory for persistence unit 'default'
2022-08-08 09:14:09,314 WARN org.springframework.boot.autoconfigure.orm.jpa.JpaBaseConfiguration$JpaWebConfiguration [main] spring.jpa.open-in-view is enabled by default. Therefore, database queries may be performed during view rendering. Explicitly configure spring.jpa.open-in-view to disable this warning
2022-08-08 09:14:10,181 INFO org.springframework.boot.actuate.endpoint.web.EndpointLinksResolver [main] Exposing 1 endpoint(s) beneath base path '/actuator'
2022-08-08 09:14:10,222 INFO org.apache.juli.logging.DirectJDKLog [main] Starting ProtocolHandler ["http-nio-8080"]
2022-08-08 09:14:10,233 INFO org.springframework.boot.web.embedded.tomcat.TomcatWebServer [main] Tomcat started on port(s): 8080 (http) with context path ''
2022-08-08 09:14:10,246 INFO org.springframework.boot.StartupInfoLogger [main] Started SummitBootcampApplication in 4.554 seconds (JVM running for 5.023)
2022-08-08 09:14:13,443 INFO org.apache.juli.logging.DirectJDKLog [http-nio-8080-exec-1] Initializing Spring DispatcherServlet 'dispatcherServlet'
2022-08-08 09:14:13,443 INFO org.springframework.web.servlet.FrameworkServlet [http-nio-8080-exec-1] Initializing Servlet 'dispatcherServlet'
2022-08-08 09:14:13,444 INFO org.springframework.web.servlet.FrameworkServlet [http-nio-8080-exec-1] Completed initialization in 1 ms
2022-08-08 09:14:13,455 INFO com.ciandt.summit.bootcamp2022.interceptor.Interceptor [http-nio-8080-exec-1] Requisição interceptada: null
2022-08-08 09:14:13,513 WARN org.springframework.web.servlet.handler.AbstractHandlerExceptionResolver [http-nio-8080-exec-1] Resolved [org.springframework.http.converter.HttpMessageNotReadableException: JSON parse error: Cannot construct instance of `com.ciandt.summit.bootcamp2022.controller.request.PlaylistRequest` (although at least one Creator exists): no String-argument constructor/factory method to deserialize from String value ('data'); nested exception is com.fasterxml.jackson.databind.exc.MismatchedInputException: Cannot construct instance of `com.ciandt.summit.bootcamp2022.controller.request.PlaylistRequest` (although at least one Creator exists): no String-argument constructor/factory method to deserialize from String value ('data')<EOL> at [Source: (PushbackInputStream); line: 2, column: 5]]
2022-08-08 09:14:13,521 INFO com.ciandt.summit.bootcamp2022.interceptor.Interceptor [http-nio-8080-exec-1] Requisição interceptada: null
2022-08-08 09:14:30,464 INFO com.ciandt.summit.bootcamp2022.interceptor.Interceptor [http-nio-8080-exec-4] Requisição interceptada: null
2022-08-08 09:14:30,474 INFO com.ciandt.summit.bootcamp2022.controller.PlaylistController [http-nio-8080-exec-4] Executando POST - /playlists/0ca61061-1fa8-418e-8e17-8234fb38c7a8/musicas/21a2cb7c-8bbe-40b3-ae18-c02660e257b0
2022-08-08 09:14:30,474 INFO com.ciandt.summit.bootcamp2022.service.PlaylistServiceImp [http-nio-8080-exec-4] Buscando playlist com id: 0ca61061-1fa8-418e-8e17-8234fb38c7a8
2022-08-08 09:14:30,504 INFO com.ciandt.summit.bootcamp2022.service.UsuarioServiceImp [http-nio-8080-exec-4] Buscando usuario com id: 21a2cb7c-8bbe-40b3-ae18-c02660e257b0
2022-08-08 09:14:30,514 INFO com.ciandt.summit.bootcamp2022.service.MusicaServiceImp [http-nio-8080-exec-4] Buscando música com id: 4ffb5d4f-8b7f-4996-b84b-ecf751f52eea
2022-08-08 09:14:30,517 INFO com.ciandt.summit.bootcamp2022.service.PlaylistServiceImp [http-nio-8080-exec-4] Validando payload do RequestBody
2022-08-08 09:14:30,600 INFO com.ciandt.summit.bootcamp2022.controller.PlaylistController [http-nio-8080-exec-4] Música Adicionada - 201 OK
2022-08-08 09:14:40,663 INFO com.ciandt.summit.bootcamp2022.interceptor.Interceptor [http-nio-8080-exec-5] Requisição interceptada: null
2022-08-08 09:14:40,665 INFO com.ciandt.summit.bootcamp2022.controller.PlaylistController [http-nio-8080-exec-5] Executando POST - /playlists/0ca61061-1fa8-418e-8e17-8234fb38c7a8/musicas/21a2cb7c-8bbe-40b3-ae18-c02660e257b0
2022-08-08 09:14:40,665 INFO com.ciandt.summit.bootcamp2022.service.PlaylistServiceImp [http-nio-8080-exec-5] Buscando playlist com id: 0ca61061-1fa8-418e-8e17-8234fb38c7a8
2022-08-08 09:14:40,667 INFO com.ciandt.summit.bootcamp2022.service.UsuarioServiceImp [http-nio-8080-exec-5] Buscando usuario com id: 21a2cb7c-8bbe-40b3-ae18-c02660e257b0
2022-08-08 09:14:40,669 INFO com.ciandt.summit.bootcamp2022.service.MusicaServiceImp [http-nio-8080-exec-5] Buscando música com id: 4ffb5d4f-8b7f-4996-b84b-ecf751f52eea
2022-08-08 09:14:40,670 INFO com.ciandt.summit.bootcamp2022.service.PlaylistServiceImp [http-nio-8080-exec-5] Validando payload do RequestBody
2022-08-08 09:14:40,673 ERROR com.ciandt.summit.bootcamp2022.exception.ExceptionService [http-nio-8080-exec-5] Não é permitido salvar a mesma música duas vezes. - 403 FORBIDDEN
2022-08-08 09:15:44,639 INFO com.ciandt.summit.bootcamp2022.interceptor.Interceptor [http-nio-8080-exec-8] Requisição interceptada: null
2022-08-08 09:15:44,640 INFO com.ciandt.summit.bootcamp2022.controller.PlaylistController [http-nio-8080-exec-8] Executando POST - /playlists/0ca61061-1fa8-418e-8e17-8234fb38c7a8/musicas/21a2cb7c-8bbe-40b3-ae18-c02660e257b0
2022-08-08 09:15:44,640 INFO com.ciandt.summit.bootcamp2022.service.PlaylistServiceImp [http-nio-8080-exec-8] Buscando playlist com id: 0ca61061-1fa8-418e-8e17-8234fb38c7a8
2022-08-08 09:15:44,642 INFO com.ciandt.summit.bootcamp2022.service.UsuarioServiceImp [http-nio-8080-exec-8] Buscando usuario com id: 21a2cb7c-8bbe-40b3-ae18-c02660e257b0
2022-08-08 09:15:44,643 INFO com.ciandt.summit.bootcamp2022.service.MusicaServiceImp [http-nio-8080-exec-8] Buscando música com id: 4ffb5d4f-8b7f-4996-b84b-ecf751f52eea
2022-08-08 09:15:44,644 INFO com.ciandt.summit.bootcamp2022.service.PlaylistServiceImp [http-nio-8080-exec-8] Validando payload do RequestBody
2022-08-08 09:15:44,645 ERROR com.ciandt.summit.bootcamp2022.exception.ExceptionService [http-nio-8080-exec-8] Não é permitido salvar a mesma música duas vezes. - 403 FORBIDDEN
2022-08-08 09:15:52,895 INFO com.ciandt.summit.bootcamp2022.interceptor.Interceptor [http-nio-8080-exec-9] Requisição interceptada: null
2022-08-08 09:15:52,897 INFO com.ciandt.summit.bootcamp2022.controller.MusicController [http-nio-8080-exec-9] Executando GET - /api/musicas?filtro=mars
2022-08-08 09:15:52,901 INFO com.ciandt.summit.bootcamp2022.service.MusicaServiceImp [http-nio-8080-exec-9] Buscando musicas com o filtro: mars
2022-08-08 09:15:52,981 INFO com.ciandt.summit.bootcamp2022.service.MusicaServiceImp [http-nio-8080-exec-9] Ordenando as musicas encontradas
2022-08-08 09:15:52,986 INFO com.ciandt.summit.bootcamp2022.controller.MusicController [http-nio-8080-exec-9] Busca realizada com sucesso - 200 OK
2022-08-08 09:16:26,461 INFO com.ciandt.summit.bootcamp2022.interceptor.Interceptor [http-nio-8080-exec-10] Requisição interceptada: null
2022-08-08 09:16:26,463 INFO com.ciandt.summit.bootcamp2022.controller.PlaylistController [http-nio-8080-exec-10] Executando POST - /playlists/0ca61061-1fa8-418e-8e17-8234fb38c7a8/musicas/21a2cb7c-8bbe-40b3-ae18-c02660e257b0
2022-08-08 09:16:26,463 INFO com.ciandt.summit.bootcamp2022.service.PlaylistServiceImp [http-nio-8080-exec-10] Buscando playlist com id: 0ca61061-1fa8-418e-8e17-8234fb38c7a8
2022-08-08 09:16:26,465 INFO com.ciandt.summit.bootcamp2022.service.UsuarioServiceImp [http-nio-8080-exec-10] Buscando usuario com id: 21a2cb7c-8bbe-40b3-ae18-c02660e257b0
2022-08-08 09:16:26,466 INFO com.ciandt.summit.bootcamp2022.service.MusicaServiceImp [http-nio-8080-exec-10] Buscando música com id: 0006426e-b0f0-4f0c-9746-216bf7634858
2022-08-08 09:16:26,467 INFO com.ciandt.summit.bootcamp2022.service.PlaylistServiceImp [http-nio-8080-exec-10] Validando payload do RequestBody
2022-08-08 09:16:26,495 INFO com.ciandt.summit.bootcamp2022.controller.PlaylistController [http-nio-8080-exec-10] Música Adicionada - 201 OK
2022-08-08 09:17:15,144 INFO com.ciandt.summit.bootcamp2022.interceptor.Interceptor [http-nio-8080-exec-2] Requisição interceptada: null
2022-08-08 09:17:15,145 INFO com.ciandt.summit.bootcamp2022.controller.UserController [http-nio-8080-exec-2] Executando GET - /api/usuario?id=21a2cb7c-8bbe-40b3-ae18-c02660e257b0
2022-08-08 09:17:15,145 INFO com.ciandt.summit.bootcamp2022.service.UsuarioServiceImp [http-nio-8080-exec-2] Buscando usuario com id: 21a2cb7c-8bbe-40b3-ae18-c02660e257b0
2022-08-08 09:17:15,146 INFO com.ciandt.summit.bootcamp2022.controller.UserController [http-nio-8080-exec-2] Busca realizada com sucesso - 200 OK
2022-08-08 09:17:48,146 INFO com.ciandt.summit.bootcamp2022.interceptor.Interceptor [http-nio-8080-exec-1] Requisição interceptada: null
2022-08-08 09:17:48,147 INFO com.ciandt.summit.bootcamp2022.controller.PlaylistController [http-nio-8080-exec-1] Executando POST - /playlists/0ca61061-1fa8-418e-8e17-8234fb38c7a8/musicas/21a2cb7c-8bbe-40b3-ae18-c02660e257b0
2022-08-08 09:17:48,148 INFO com.ciandt.summit.bootcamp2022.service.PlaylistServiceImp [http-nio-8080-exec-1] Buscando playlist com id: 0ca61061-1fa8-418e-8e17-8234fb38c7a8
2022-08-08 09:17:48,149 INFO com.ciandt.summit.bootcamp2022.service.UsuarioServiceImp [http-nio-8080-exec-1] Buscando usuario com id: 21a2cb7c-8bbe-40b3-ae18-c02660e257b0
2022-08-08 09:17:48,151 INFO com.ciandt.summit.bootcamp2022.service.MusicaServiceImp [http-nio-8080-exec-1] Buscando música com id: 67f5976c-eb1e-404e-8220-2c2a8a23be47
2022-08-08 09:17:48,153 INFO com.ciandt.summit.bootcamp2022.service.PlaylistServiceImp [http-nio-8080-exec-1] Validando payload do RequestBody
2022-08-08 09:17:48,155 ERROR com.ciandt.summit.bootcamp2022.exception.ExceptionService [http-nio-8080-exec-1] Não é permitido salvar a mesma música duas vezes. - 403 FORBIDDEN
2022-08-08 09:19:35,565 INFO com.ciandt.summit.bootcamp2022.interceptor.Interceptor [http-nio-8080-exec-5] Requisição interceptada: null
2022-08-08 09:19:35,565 INFO com.ciandt.summit.bootcamp2022.controller.UserController [http-nio-8080-exec-5] Executando GET - /api/usuario?id=c921280c-4ded-469e-b472-f28ca8dfb689
2022-08-08 09:19:35,565 INFO com.ciandt.summit.bootcamp2022.service.UsuarioServiceImp [http-nio-8080-exec-5] Buscando usuario com id: c921280c-4ded-469e-b472-f28ca8dfb689
2022-08-08 09:19:35,567 INFO com.ciandt.summit.bootcamp2022.controller.UserController [http-nio-8080-exec-5] Busca realizada com sucesso - 200 OK
2022-08-08 09:19:43,161 INFO com.ciandt.summit.bootcamp2022.interceptor.Interceptor [http-nio-8080-exec-6] Requisição interceptada: null
2022-08-08 09:19:43,162 INFO com.ciandt.summit.bootcamp2022.controller.UserController [http-nio-8080-exec-6] Executando GET - /api/usuario?id=21a2cb7c-8bbe-40b3-ae18-c02660e257b0
2022-08-08 09:19:43,162 INFO com.ciandt.summit.bootcamp2022.service.UsuarioServiceImp [http-nio-8080-exec-6] Buscando usuario com id: 21a2cb7c-8bbe-40b3-ae18-c02660e257b0
2022-08-08 09:19:43,163 INFO com.ciandt.summit.bootcamp2022.controller.UserController [http-nio-8080-exec-6] Busca realizada com sucesso - 200 OK
2022-08-08 09:22:15,391 INFO com.ciandt.summit.bootcamp2022.interceptor.Interceptor [http-nio-8080-exec-9] Requisição interceptada: null
2022-08-08 09:22:15,391 INFO com.ciandt.summit.bootcamp2022.controller.UserController [http-nio-8080-exec-9] Executando GET - /api/usuario?id=21a2cb7c-8bbe-40b3-ae18-c02660e257b0
2022-08-08 09:22:15,392 INFO com.ciandt.summit.bootcamp2022.service.UsuarioServiceImp [http-nio-8080-exec-9] Buscando usuario com id: 21a2cb7c-8bbe-40b3-ae18-c02660e257b0
2022-08-08 09:22:15,393 INFO com.ciandt.summit.bootcamp2022.controller.UserController [http-nio-8080-exec-9] Busca realizada com sucesso - 200 OK
2022-08-08 09:22:20,960 INFO com.ciandt.summit.bootcamp2022.interceptor.Interceptor [http-nio-8080-exec-10] Requisição interceptada: null
2022-08-08 09:22:20,961 INFO com.ciandt.summit.bootcamp2022.controller.UserController [http-nio-8080-exec-10] Executando GET - /api/usuario?id=c921280c-4ded-469e-b472-f28ca8dfb689
2022-08-08 09:22:20,961 INFO com.ciandt.summit.bootcamp2022.service.UsuarioServiceImp [http-nio-8080-exec-10] Buscando usuario com id: c921280c-4ded-469e-b472-f28ca8dfb689
2022-08-08 09:22:20,963 INFO com.ciandt.summit.bootcamp2022.controller.UserController [http-nio-8080-exec-10] Busca realizada com sucesso - 200 OK
2022-08-08 09:34:50,639 INFO com.ciandt.summit.bootcamp2022.interceptor.Interceptor [http-nio-8080-exec-3] Requisição interceptada: null
2022-08-08 09:34:50,641 INFO com.ciandt.summit.bootcamp2022.controller.PlaylistController [http-nio-8080-exec-3] Executando POST - /playlists/590aee60-448c-42d1-ad60-c2e82d20d3c6/musicas/21a2cb7c-8bbe-40b3-ae18-c02660e257b0
2022-08-08 09:34:50,641 INFO com.ciandt.summit.bootcamp2022.service.PlaylistServiceImp [http-nio-8080-exec-3] Buscando playlist com id: 590aee60-448c-42d1-ad60-c2e82d20d3c6
2022-08-08 09:34:50,643 INFO com.ciandt.summit.bootcamp2022.service.UsuarioServiceImp [http-nio-8080-exec-3] Buscando usuario com id: 21a2cb7c-8bbe-40b3-ae18-c02660e257b0
2022-08-08 09:34:50,644 ERROR com.ciandt.summit.bootcamp2022.exception.ExceptionService [http-nio-8080-exec-3] A playlist com o ID (590aee60-448c-42d1-ad60-c2e82d20d3c6) não existe. - 400 BAD_REQUEST
2022-08-08 09:48:29,218 INFO org.springframework.orm.jpa.AbstractEntityManagerFactoryBean [SpringApplicationShutdownHook] Closing JPA EntityManagerFactory for persistence unit 'default'
2022-08-08 09:48:29,222 INFO org.ehcache.core.EhcacheManager [SpringApplicationShutdownHook] Cache 'buscarMusicas' removed from EhcacheManager.
2022-08-08 09:48:32,364 INFO org.springframework.boot.StartupInfoLogger [main] Starting SummitBootcampApplication using Java 11.0.15 on lnb035703cps with PID 57933 (/home/fabianosr/projetct-myMusic-toTal/MyMusic/target/classes started by CIANDT\fabianosr in /home/fabianosr/projetct-myMusic-toTal/MyMusic)
2022-08-08 09:48:32,365 INFO org.springframework.boot.SpringApplication [main] No active profile set, falling back to default profiles: default
2022-08-08 09:48:33,060 INFO org.springframework.data.repository.config.RepositoryConfigurationDelegate [main] Bootstrapping Spring Data JPA repositories in DEFAULT mode.
2022-08-08 09:48:33,099 INFO org.springframework.data.repository.config.RepositoryConfigurationDelegate [main] Finished Spring Data repository scanning in 33 ms. Found 5 JPA repository interfaces.
2022-08-08 09:48:33,572 INFO org.springframework.boot.web.embedded.tomcat.TomcatWebServer [main] Tomcat initialized with port(s): 8080 (http)
2022-08-08 09:48:33,580 INFO org.apache.juli.logging.DirectJDKLog [main] Initializing ProtocolHandler ["http-nio-8080"]
2022-08-08 09:48:33,581 INFO org.apache.juli.logging.DirectJDKLog [main] Starting service [Tomcat]
2022-08-08 09:48:33,581 INFO org.apache.juli.logging.DirectJDKLog [main] Starting Servlet engine: [Apache Tomcat/9.0.56]
2022-08-08 09:48:33,636 INFO org.apache.juli.logging.DirectJDKLog [main] Initializing Spring embedded WebApplicationContext
2022-08-08 09:48:33,636 INFO org.springframework.boot.web.servlet.context.ServletWebServerApplicationContext [main] Root WebApplicationContext: initialization completed in 1229 ms
2022-08-08 09:48:33,921 INFO org.ehcache.core.EhcacheManager [main] Cache 'buscarMusicas' created in EhcacheManager.
2022-08-08 09:48:33,930 INFO org.ehcache.jsr107.Eh107CacheManager [main] Registering Ehcache MBean javax.cache:type=CacheStatistics,CacheManager=urn.X-ehcache.jsr107-default-config,Cache=buscarMusicas
2022-08-08 09:48:33,934 INFO org.ehcache.jsr107.Eh107CacheManager [main] Registering Ehcache MBean javax.cache:type=CacheStatistics,CacheManager=urn.X-ehcache.jsr107-default-config,Cache=buscarMusicas
2022-08-08 09:48:34,008 INFO org.hibernate.jpa.internal.util.LogHelper [main] HHH000204: Processing PersistenceUnitInfo [name: default]
2022-08-08 09:48:34,038 INFO org.hibernate.Version [main] HHH000412: Hibernate ORM core version 5.6.4.Final
2022-08-08 09:48:34,128 INFO org.hibernate.annotations.common.reflection.java.JavaReflectionManager [main] HCANN000001: Hibernate Commons Annotations {5.1.2.Final}
2022-08-08 09:48:34,181 INFO org.hibernate.dialect.Dialect [main] HHH000400: Using dialect: org.hibernate.dialect.SQLiteDialect
2022-08-08 09:48:34,664 INFO org.hibernate.engine.transaction.jta.platform.internal.JtaPlatformInitiator [main] HHH000490: Using JtaPlatform implementation: [org.hibernate.engine.transaction.jta.platform.internal.NoJtaPlatform]
2022-08-08 09:48:34,670 INFO org.springframework.orm.jpa.AbstractEntityManagerFactoryBean [main] Initialized JPA EntityManagerFactory for persistence unit 'default'
2022-08-08 09:48:35,168 WARN org.springframework.boot.autoconfigure.orm.jpa.JpaBaseConfiguration$JpaWebConfiguration [main] spring.jpa.open-in-view is enabled by default. Therefore, database queries may be performed during view rendering. Explicitly configure spring.jpa.open-in-view to disable this warning
2022-08-08 09:48:36,139 INFO org.springframework.boot.actuate.endpoint.web.EndpointLinksResolver [main] Exposing 1 endpoint(s) beneath base path '/actuator'
2022-08-08 09:48:36,159 INFO org.apache.juli.logging.DirectJDKLog [main] Starting ProtocolHandler ["http-nio-8080"]
2022-08-08 09:48:36,171 INFO org.springframework.boot.web.embedded.tomcat.TomcatWebServer [main] Tomcat started on port(s): 8080 (http) with context path ''
2022-08-08 09:48:36,183 INFO org.springframework.boot.StartupInfoLogger [main] Started SummitBootcampApplication in 4.151 seconds (JVM running for 4.599)
2022-08-08 09:49:12,954 INFO org.apache.juli.logging.DirectJDKLog [http-nio-8080-exec-1] Initializing Spring DispatcherServlet 'dispatcherServlet'
2022-08-08 09:49:12,954 INFO org.springframework.web.servlet.FrameworkServlet [http-nio-8080-exec-1] Initializing Servlet 'dispatcherServlet'
2022-08-08 09:49:12,955 INFO org.springframework.web.servlet.FrameworkServlet [http-nio-8080-exec-1] Completed initialization in 1 ms
2022-08-08 09:49:12,966 INFO com.ciandt.summit.bootcamp2022.interceptor.Interceptor [http-nio-8080-exec-1] Requisição interceptada: null
2022-08-08 09:49:13,036 INFO com.ciandt.summit.bootcamp2022.controller.PlaylistController [http-nio-8080-exec-1] Executando POST - /playlists/590aee60-448c-42d1-ad60-c2e82d20d3c6/musicas/21a2cb7c-8bbe-40b3-ae18-c02660e257b0
2022-08-08 09:49:13,037 INFO com.ciandt.summit.bootcamp2022.service.PlaylistServiceImp [http-nio-8080-exec-1] Buscando playlist com id: 590aee60-448c-42d1-ad60-c2e82d20d3c6
2022-08-08 09:49:13,078 INFO com.ciandt.summit.bootcamp2022.service.UsuarioServiceImp [http-nio-8080-exec-1] Buscando usuario com id: 21a2cb7c-8bbe-40b3-ae18-c02660e257b0
2022-08-08 09:49:13,084 ERROR com.ciandt.summit.bootcamp2022.exception.ExceptionService [http-nio-8080-exec-1] A Playlist (590aee60-448c-42d1-ad60-c2e82d20d3c6) não pertence ao usuário (21a2cb7c-8bbe-40b3-ae18-c02660e257b0) - 401 UNAUTHORIZED
2022-08-08 09:53:39,437 INFO com.ciandt.summit.bootcamp2022.interceptor.Interceptor [http-nio-8080-exec-5] Requisição interceptada: null
2022-08-08 09:53:39,438 INFO com.ciandt.summit.bootcamp2022.controller.PlaylistController [http-nio-8080-exec-5] Executando POST - /playlists/590aee60-448c-42d1-ad60-c2e82d20d3c6/musicas/21a2cb7c-8bbe-40b3-ae18-c02660e257b0
2022-08-08 09:53:39,438 INFO com.ciandt.summit.bootcamp2022.service.PlaylistServiceImp [http-nio-8080-exec-5] Buscando playlist com id: 590aee60-448c-42d1-ad60-c2e82d20d3c6
2022-08-08 09:53:39,440 INFO com.ciandt.summit.bootcamp2022.service.UsuarioServiceImp [http-nio-8080-exec-5] Buscando usuario com id: 21a2cb7c-8bbe-40b3-ae18-c02660e257b0
2022-08-08 09:53:39,441 ERROR com.ciandt.summit.bootcamp2022.exception.ExceptionService [http-nio-8080-exec-5] A Playlist (590aee60-448c-42d1-ad60-c2e82d20d3c6) não pertence ao usuário (21a2cb7c-8bbe-40b3-ae18-c02660e257b0) - 401 UNAUTHORIZED
2022-08-08 10:27:37,689 INFO com.ciandt.summit.bootcamp2022.interceptor.Interceptor [http-nio-8080-exec-8] Requisição interceptada: null
2022-08-08 10:27:37,690 INFO com.ciandt.summit.bootcamp2022.controller.PlaylistController [http-nio-8080-exec-8] Executando POST - /playlists/590aee60-448c-42d1-ad60-c2e82d20d3c6/musicas/21a2cb7c-8bbe-40b3-ae18-c02660e257b0
2022-08-08 10:27:37,691 INFO com.ciandt.summit.bootcamp2022.service.PlaylistServiceImp [http-nio-8080-exec-8] Buscando playlist com id: 590aee60-448c-42d1-ad60-c2e82d20d3c6
2022-08-08 10:27:37,693 INFO com.ciandt.summit.bootcamp2022.service.UsuarioServiceImp [http-nio-8080-exec-8] Buscando usuario com id: 21a2cb7c-8bbe-40b3-ae18-c02660e257b0
2022-08-08 10:27:37,695 ERROR com.ciandt.summit.bootcamp2022.exception.ExceptionService [http-nio-8080-exec-8] A Playlist (590aee60-448c-42d1-ad60-c2e82d20d3c6) não pertence ao usuário (21a2cb7c-8bbe-40b3-ae18-c02660e257b0) - 401 UNAUTHORIZED
2022-08-08 10:28:53,233 INFO com.ciandt.summit.bootcamp2022.interceptor.Interceptor [http-nio-8080-exec-2] Requisição interceptada: null
2022-08-08 10:28:53,234 INFO com.ciandt.summit.bootcamp2022.controller.PlaylistController [http-nio-8080-exec-2] Executando POST - /playlists/590aee60-448c-42d1-ad60-c2e82d20d3c6/musicas/c921280c-4ded-469e-b472-f28ca8dfb689
2022-08-08 10:28:53,234 INFO com.ciandt.summit.bootcamp2022.service.PlaylistServiceImp [http-nio-8080-exec-2] Buscando playlist com id: 590aee60-448c-42d1-ad60-c2e82d20d3c6
2022-08-08 10:28:53,235 INFO com.ciandt.summit.bootcamp2022.service.UsuarioServiceImp [http-nio-8080-exec-2] Buscando usuario com id: c921280c-4ded-469e-b472-f28ca8dfb689
2022-08-08 10:28:53,266 ERROR com.ciandt.summit.bootcamp2022.exception.ExceptionService [http-nio-8080-exec-2] Você atingiu o número máximo de músicas em sua playlist.Para adicionar mais músicas contrate o plano Premium. (c921280c-4ded-469e-b472-f28ca8dfb689) - 401 UNAUTHORIZED
2022-08-08 11:16:03,228 INFO com.ciandt.summit.bootcamp2022.interceptor.Interceptor [http-nio-8080-exec-4] Requisição interceptada: null
2022-08-08 11:16:03,230 INFO com.ciandt.summit.bootcamp2022.controller.PlaylistController [http-nio-8080-exec-4] Executando POST - /playlists/590aee60-448c-42d1-ad60-c2e82d20d3c6/musicas/c921280c-4ded-469e-b472-f28ca8dfb689
2022-08-08 11:16:03,230 INFO com.ciandt.summit.bootcamp2022.service.PlaylistServiceImp [http-nio-8080-exec-4] Buscando playlist com id: 590aee60-448c-42d1-ad60-c2e82d20d3c6
2022-08-08 11:16:03,231 INFO com.ciandt.summit.bootcamp2022.service.UsuarioServiceImp [http-nio-8080-exec-4] Buscando usuario com id: c921280c-4ded-469e-b472-f28ca8dfb689
2022-08-08 11:16:03,233 ERROR com.ciandt.summit.bootcamp2022.exception.ExceptionService [http-nio-8080-exec-4] Você atingiu o número máximo de músicas em sua playlist.Para adicionar mais músicas contrate o plano Premium. (c921280c-4ded-469e-b472-f28ca8dfb689) - 401 UNAUTHORIZED
2022-08-08 11:16:18,970 INFO com.ciandt.summit.bootcamp2022.interceptor.Interceptor [http-nio-8080-exec-5] Requisição interceptada: null
2022-08-08 11:16:18,972 INFO com.ciandt.summit.bootcamp2022.controller.UserController [http-nio-8080-exec-5] Executando GET - /api/usuario?id=c921280c-4ded-469e-b472-f28ca8dfb689
2022-08-08 11:16:18,972 INFO com.ciandt.summit.bootcamp2022.service.UsuarioServiceImp [http-nio-8080-exec-5] Buscando usuario com id: c921280c-4ded-469e-b472-f28ca8dfb689
2022-08-08 11:16:18,973 INFO com.ciandt.summit.bootcamp2022.controller.UserController [http-nio-8080-exec-5] Busca realizada com sucesso - 200 OK
2022-08-08 11:16:24,715 INFO com.ciandt.summit.bootcamp2022.interceptor.Interceptor [http-nio-8080-exec-6] Requisição interceptada: null
2022-08-08 11:16:24,716 INFO com.ciandt.summit.bootcamp2022.controller.UserController [http-nio-8080-exec-6] Executando GET - /api/usuario?id=21a2cb7c-8bbe-40b3-ae18-c02660e257b0
2022-08-08 11:16:24,716 INFO com.ciandt.summit.bootcamp2022.service.UsuarioServiceImp [http-nio-8080-exec-6] Buscando usuario com id: 21a2cb7c-8bbe-40b3-ae18-c02660e257b0
2022-08-08 11:16:24,719 INFO com.ciandt.summit.bootcamp2022.controller.UserController [http-nio-8080-exec-6] Busca realizada com sucesso - 200 OK
2022-08-08 11:16:34,544 INFO com.ciandt.summit.bootcamp2022.interceptor.Interceptor [http-nio-8080-exec-7] Requisição interceptada: null
2022-08-08 11:16:34,546 INFO com.ciandt.summit.bootcamp2022.controller.PlaylistController [http-nio-8080-exec-7] Executando POST - /playlists/0ca61061-1fa8-418e-8e17-8234fb38c7a8/musicas/21a2cb7c-8bbe-40b3-ae18-c02660e257b0
2022-08-08 11:16:34,546 INFO com.ciandt.summit.bootcamp2022.service.PlaylistServiceImp [http-nio-8080-exec-7] Buscando playlist com id: 0ca61061-1fa8-418e-8e17-8234fb38c7a8
2022-08-08 11:16:34,547 INFO com.ciandt.summit.bootcamp2022.service.UsuarioServiceImp [http-nio-8080-exec-7] Buscando usuario com id: 21a2cb7c-8bbe-40b3-ae18-c02660e257b0
2022-08-08 11:16:34,561 INFO com.ciandt.summit.bootcamp2022.service.MusicaServiceImp [http-nio-8080-exec-7] Buscando música com id: 0006426e-b0f0-4f0c-9746-216bf7634858
2022-08-08 11:16:34,563 INFO com.ciandt.summit.bootcamp2022.service.PlaylistServiceImp [http-nio-8080-exec-7] Validando payload do RequestBody
2022-08-08 11:16:34,601 INFO com.ciandt.summit.bootcamp2022.controller.PlaylistController [http-nio-8080-exec-7] Música Adicionada - 201 OK
2022-08-08 11:16:37,623 INFO com.ciandt.summit.bootcamp2022.interceptor.Interceptor [http-nio-8080-exec-8] Requisição interceptada: null
2022-08-08 11:16:37,626 INFO com.ciandt.summit.bootcamp2022.controller.PlaylistController [http-nio-8080-exec-8] Executando POST - /playlists/0ca61061-1fa8-418e-8e17-8234fb38c7a8/musicas/21a2cb7c-8bbe-40b3-ae18-c02660e257b0
2022-08-08 11:16:37,627 INFO com.ciandt.summit.bootcamp2022.service.PlaylistServiceImp [http-nio-8080-exec-8] Buscando playlist com id: 0ca61061-1fa8-418e-8e17-8234fb38c7a8
2022-08-08 11:16:37,630 INFO com.ciandt.summit.bootcamp2022.service.UsuarioServiceImp [http-nio-8080-exec-8] Buscando usuario com id: 21a2cb7c-8bbe-40b3-ae18-c02660e257b0
2022-08-08 11:16:37,631 INFO com.ciandt.summit.bootcamp2022.service.MusicaServiceImp [http-nio-8080-exec-8] Buscando música com id: 0006426e-b0f0-4f0c-9746-216bf7634858
2022-08-08 11:16:37,635 INFO com.ciandt.summit.bootcamp2022.service.PlaylistServiceImp [http-nio-8080-exec-8] Validando payload do RequestBody
2022-08-08 11:16:37,640 ERROR com.ciandt.summit.bootcamp2022.exception.ExceptionService [http-nio-8080-exec-8] Não é permitido salvar a mesma música duas vezes. - 403 FORBIDDEN
2022-08-08 11:17:19,962 INFO com.ciandt.summit.bootcamp2022.interceptor.Interceptor [http-nio-8080-exec-9] Requisição interceptada: null
2022-08-08 11:17:19,963 INFO com.ciandt.summit.bootcamp2022.controller.PlaylistController [http-nio-8080-exec-9] Executando POST - /playlists/590aee60-448c-42d1-ad60-c2e82d20d3c6/musicas/c921280c-4ded-469e-b472-f28ca8dfb689
2022-08-08 11:17:19,964 INFO com.ciandt.summit.bootcamp2022.service.PlaylistServiceImp [http-nio-8080-exec-9] Buscando playlist com id: 590aee60-448c-42d1-ad60-c2e82d20d3c6
2022-08-08 11:17:19,965 INFO com.ciandt.summit.bootcamp2022.service.UsuarioServiceImp [http-nio-8080-exec-9] Buscando usuario com id: c921280c-4ded-469e-b472-f28ca8dfb689
2022-08-08 11:17:19,969 ERROR com.ciandt.summit.bootcamp2022.exception.ExceptionService [http-nio-8080-exec-9] Você atingiu o número máximo de músicas em sua playlist.Para adicionar mais músicas contrate o plano Premium. (c921280c-4ded-469e-b472-f28ca8dfb689) - 401 UNAUTHORIZED
2022-08-08 11:17:58,849 INFO com.ciandt.summit.bootcamp2022.interceptor.Interceptor [http-nio-8080-exec-10] Requisição interceptada: null
2022-08-08 11:17:58,850 INFO com.ciandt.summit.bootcamp2022.controller.PlaylistController [http-nio-8080-exec-10] Executando POST - /playlists/590aee60-448c-42d1-ad60-c2e82d20d3c6/musicas/a80678e5-d0d3-4414-8e22-c0b3f1ba2b87
2022-08-08 11:17:58,852 INFO com.ciandt.summit.bootcamp2022.service.PlaylistServiceImp [http-nio-8080-exec-10] Buscando playlist com id: 590aee60-448c-42d1-ad60-c2e82d20d3c6
2022-08-08 11:17:58,855 INFO com.ciandt.summit.bootcamp2022.service.UsuarioServiceImp [http-nio-8080-exec-10] Buscando usuario com id: a80678e5-d0d3-4414-8e22-c0b3f1ba2b87
2022-08-08 11:17:58,857 ERROR com.ciandt.summit.bootcamp2022.exception.ExceptionService [http-nio-8080-exec-10] A Playlist (590aee60-448c-42d1-ad60-c2e82d20d3c6) não pertence ao usuário (a80678e5-d0d3-4414-8e22-c0b3f1ba2b87) - 401 UNAUTHORIZED
2022-08-08 11:18:23,131 INFO com.ciandt.summit.bootcamp2022.interceptor.Interceptor [http-nio-8080-exec-2] Requisição interceptada: null
2022-08-08 11:18:23,133 INFO com.ciandt.summit.bootcamp2022.controller.PlaylistController [http-nio-8080-exec-2] Executando POST - /playlists/654bbc71-3a9c-4434-a95d-4208f713e586/musicas/a80678e5-d0d3-4414-8e22-c0b3f1ba2b87
2022-08-08 11:18:23,133 INFO com.ciandt.summit.bootcamp2022.service.PlaylistServiceImp [http-nio-8080-exec-2] Buscando playlist com id: 654bbc71-3a9c-4434-a95d-4208f713e586
2022-08-08 11:18:23,138 INFO com.ciandt.summit.bootcamp2022.service.UsuarioServiceImp [http-nio-8080-exec-2] Buscando usuario com id: a80678e5-d0d3-4414-8e22-c0b3f1ba2b87
2022-08-08 11:18:23,140 INFO com.ciandt.summit.bootcamp2022.service.MusicaServiceImp [http-nio-8080-exec-2] Buscando música com id: 67f5976c-eb1e-404e-8220-2c2a8a23be47
2022-08-08 11:18:23,141 INFO com.ciandt.summit.bootcamp2022.service.PlaylistServiceImp [http-nio-8080-exec-2] Validando payload do RequestBody
2022-08-08 11:18:23,152 INFO com.ciandt.summit.bootcamp2022.controller.PlaylistController [http-nio-8080-exec-2] Música Adicionada - 201 OK
2022-08-08 11:18:26,841 INFO com.ciandt.summit.bootcamp2022.interceptor.Interceptor [http-nio-8080-exec-1] Requisição interceptada: null
2022-08-08 11:18:26,842 INFO com.ciandt.summit.bootcamp2022.controller.PlaylistController [http-nio-8080-exec-1] Executando POST - /playlists/654bbc71-3a9c-4434-a95d-4208f713e586/musicas/a80678e5-d0d3-4414-8e22-c0b3f1ba2b87
2022-08-08 11:18:26,842 INFO com.ciandt.summit.bootcamp2022.service.PlaylistServiceImp [http-nio-8080-exec-1] Buscando playlist com id: 654bbc71-3a9c-4434-a95d-4208f713e586
2022-08-08 11:18:26,844 INFO com.ciandt.summit.bootcamp2022.service.UsuarioServiceImp [http-nio-8080-exec-1] Buscando usuario com id: a80678e5-d0d3-4414-8e22-c0b3f1ba2b87
2022-08-08 11:18:26,848 ERROR com.ciandt.summit.bootcamp2022.exception.ExceptionService [http-nio-8080-exec-1] Você atingiu o número máximo de músicas em sua playlist.Para adicionar mais músicas contrate o plano Premium. (a80678e5-d0d3-4414-8e22-c0b3f1ba2b87) - 401 UNAUTHORIZED
2022-08-08 11:37:36,577 INFO org.springframework.orm.jpa.AbstractEntityManagerFactoryBean [SpringApplicationShutdownHook] Closing JPA EntityManagerFactory for persistence unit 'default'
2022-08-08 11:37:36,581 INFO org.ehcache.core.EhcacheManager [SpringApplicationShutdownHook] Cache 'buscarMusicas' removed from EhcacheManager.
2022-08-08 11:37:42,412 INFO org.springframework.boot.StartupInfoLogger [main] Starting SummitBootcampApplication using Java 11.0.15 on lnb035703cps with PID 70371 (/home/fabianosr/projetct-myMusic-toTal/MyMusic/target/classes started by CIANDT\fabianosr in /home/fabianosr/projetct-myMusic-toTal/MyMusic)
2022-08-08 11:37:42,417 INFO org.springframework.boot.SpringApplication [main] No active profile set, falling back to default profiles: default
2022-08-08 11:37:43,476 INFO org.springframework.data.repository.config.RepositoryConfigurationDelegate [main] Bootstrapping Spring Data JPA repositories in DEFAULT mode.
2022-08-08 11:37:43,544 INFO org.springframework.data.repository.config.RepositoryConfigurationDelegate [main] Finished Spring Data repository scanning in 58 ms. Found 5 JPA repository interfaces.
2022-08-08 11:37:44,217 INFO org.springframework.boot.web.embedded.tomcat.TomcatWebServer [main] Tomcat initialized with port(s): 8080 (http)
2022-08-08 11:37:44,229 INFO org.apache.juli.logging.DirectJDKLog [main] Initializing ProtocolHandler ["http-nio-8080"]
2022-08-08 11:37:44,230 INFO org.apache.juli.logging.DirectJDKLog [main] Starting service [Tomcat]
2022-08-08 11:37:44,230 INFO org.apache.juli.logging.DirectJDKLog [main] Starting Servlet engine: [Apache Tomcat/9.0.56]
2022-08-08 11:37:44,305 INFO org.apache.juli.logging.DirectJDKLog [main] Initializing Spring embedded WebApplicationContext
2022-08-08 11:37:44,306 INFO org.springframework.boot.web.servlet.context.ServletWebServerApplicationContext [main] Root WebApplicationContext: initialization completed in 1807 ms
2022-08-08 11:37:44,897 INFO org.ehcache.core.EhcacheManager [main] Cache 'buscarMusicas' created in EhcacheManager.
2022-08-08 11:37:44,918 INFO org.ehcache.jsr107.Eh107CacheManager [main] Registering Ehcache MBean javax.cache:type=CacheStatistics,CacheManager=urn.X-ehcache.jsr107-default-config,Cache=buscarMusicas
2022-08-08 11:37:44,926 INFO org.ehcache.jsr107.Eh107CacheManager [main] Registering Ehcache MBean javax.cache:type=CacheStatistics,CacheManager=urn.X-ehcache.jsr107-default-config,Cache=buscarMusicas
2022-08-08 11:37:45,087 INFO org.hibernate.jpa.internal.util.LogHelper [main] HHH000204: Processing PersistenceUnitInfo [name: default]
2022-08-08 11:37:45,164 INFO org.hibernate.Version [main] HHH000412: Hibernate ORM core version 5.6.4.Final
2022-08-08 11:37:45,294 INFO org.hibernate.annotations.common.reflection.java.JavaReflectionManager [main] HCANN000001: Hibernate Commons Annotations {5.1.2.Final}
2022-08-08 11:37:45,363 INFO org.hibernate.dialect.Dialect [main] HHH000400: Using dialect: org.hibernate.dialect.SQLiteDialect
2022-08-08 11:37:45,981 INFO org.hibernate.engine.transaction.jta.platform.internal.JtaPlatformInitiator [main] HHH000490: Using JtaPlatform implementation: [org.hibernate.engine.transaction.jta.platform.internal.NoJtaPlatform]
2022-08-08 11:37:45,990 INFO org.springframework.orm.jpa.AbstractEntityManagerFactoryBean [main] Initialized JPA EntityManagerFactory for persistence unit 'default'
2022-08-08 11:37:46,660 WARN org.springframework.boot.autoconfigure.orm.jpa.JpaBaseConfiguration$JpaWebConfiguration [main] spring.jpa.open-in-view is enabled by default. Therefore, database queries may be performed during view rendering. Explicitly configure spring.jpa.open-in-view to disable this warning
2022-08-08 11:37:47,770 INFO org.springframework.boot.actuate.endpoint.web.EndpointLinksResolver [main] Exposing 1 endpoint(s) beneath base path '/actuator'
2022-08-08 11:37:47,816 INFO org.apache.juli.logging.DirectJDKLog [main] Starting ProtocolHandler ["http-nio-8080"]
2022-08-08 11:37:47,849 INFO org.springframework.boot.web.embedded.tomcat.TomcatWebServer [main] Tomcat started on port(s): 8080 (http) with context path ''
2022-08-08 11:37:47,864 INFO org.springframework.boot.StartupInfoLogger [main] Started SummitBootcampApplication in 5.979 seconds (JVM running for 6.547)
2022-08-08 11:54:07,258 INFO org.apache.juli.logging.DirectJDKLog [http-nio-8080-exec-1] Initializing Spring DispatcherServlet 'dispatcherServlet'
2022-08-08 11:54:07,258 INFO org.springframework.web.servlet.FrameworkServlet [http-nio-8080-exec-1] Initializing Servlet 'dispatcherServlet'
2022-08-08 11:54:07,259 INFO org.springframework.web.servlet.FrameworkServlet [http-nio-8080-exec-1] Completed initialization in 1 ms
2022-08-08 11:54:07,269 INFO com.ciandt.summit.bootcamp2022.interceptor.Interceptor [http-nio-8080-exec-1] Requisição interceptada: null
2022-08-08 11:54:07,270 ERROR com.ciandt.summit.bootcamp2022.interceptor.Interceptor [http-nio-8080-exec-1] Requisicao nao autorizada / Authorization Header nao encontrado.
2022-08-08 11:54:07,272 ERROR com.ciandt.summit.bootcamp2022.exception.ExceptionService [http-nio-8080-exec-1] Usuario nao autenticado. - 403 FORBIDDEN
2022-08-08 11:54:17,137 INFO com.ciandt.summit.bootcamp2022.interceptor.Interceptor [http-nio-8080-exec-3] Requisição interceptada: null
2022-08-08 11:54:17,137 ERROR com.ciandt.summit.bootcamp2022.interceptor.Interceptor [http-nio-8080-exec-3] Requisicao nao autorizada / Authorization Header nao encontrado.
2022-08-08 11:54:17,137 ERROR com.ciandt.summit.bootcamp2022.exception.ExceptionService [http-nio-8080-exec-3] Usuario nao autenticado. - 403 FORBIDDEN
2022-08-08 13:31:48,942 INFO com.ciandt.summit.bootcamp2022.interceptor.Interceptor [http-nio-8080-exec-6] Requisição interceptada: null
2022-08-08 13:31:48,945 ERROR com.ciandt.summit.bootcamp2022.interceptor.Interceptor [http-nio-8080-exec-6] Requisicao nao autorizada / Authorization Header nao encontrado.
2022-08-08 13:31:48,946 ERROR com.ciandt.summit.bootcamp2022.exception.ExceptionService [http-nio-8080-exec-6] Usuario nao autenticado. - 403 FORBIDDEN
2022-08-08 13:32:20,712 INFO org.springframework.orm.jpa.AbstractEntityManagerFactoryBean [SpringApplicationShutdownHook] Closing JPA EntityManagerFactory for persistence unit 'default'
2022-08-08 13:32:20,715 INFO org.ehcache.core.EhcacheManager [SpringApplicationShutdownHook] Cache 'buscarMusicas' removed from EhcacheManager.
2022-08-08 13:32:23,593 INFO org.springframework.boot.StartupInfoLogger [main] Starting SummitBootcampApplication using Java 11.0.15 on lnb035703cps with PID 101600 (/home/fabianosr/projetct-myMusic-toTal/MyMusic/target/classes started by CIANDT\fabianosr in /home/fabianosr/projetct-myMusic-toTal/MyMusic)
2022-08-08 13:32:23,595 INFO org.springframework.boot.SpringApplication [main] No active profile set, falling back to default profiles: default
2022-08-08 13:32:24,358 INFO org.springframework.data.repository.config.RepositoryConfigurationDelegate [main] Bootstrapping Spring Data JPA repositories in DEFAULT mode.
2022-08-08 13:32:24,402 INFO org.springframework.data.repository.config.RepositoryConfigurationDelegate [main] Finished Spring Data repository scanning in 38 ms. Found 5 JPA repository interfaces.
2022-08-08 13:32:24,862 INFO org.springframework.boot.web.embedded.tomcat.TomcatWebServer [main] Tomcat initialized with port(s): 8080 (http)
2022-08-08 13:32:24,871 INFO org.apache.juli.logging.DirectJDKLog [main] Initializing ProtocolHandler ["http-nio-8080"]
2022-08-08 13:32:24,871 INFO org.apache.juli.logging.DirectJDKLog [main] Starting service [Tomcat]
2022-08-08 13:32:24,871 INFO org.apache.juli.logging.DirectJDKLog [main] Starting Servlet engine: [Apache Tomcat/9.0.56]
2022-08-08 13:32:24,941 INFO org.apache.juli.logging.DirectJDKLog [main] Initializing Spring embedded WebApplicationContext
2022-08-08 13:32:24,942 INFO org.springframework.boot.web.servlet.context.ServletWebServerApplicationContext [main] Root WebApplicationContext: initialization completed in 1303 ms
2022-08-08 13:32:25,321 INFO org.ehcache.core.EhcacheManager [main] Cache 'buscarMusicas' created in EhcacheManager.
2022-08-08 13:32:25,327 INFO org.ehcache.jsr107.Eh107CacheManager [main] Registering Ehcache MBean javax.cache:type=CacheStatistics,CacheManager=urn.X-ehcache.jsr107-default-config,Cache=buscarMusicas
2022-08-08 13:32:25,332 INFO org.ehcache.jsr107.Eh107CacheManager [main] Registering Ehcache MBean javax.cache:type=CacheStatistics,CacheManager=urn.X-ehcache.jsr107-default-config,Cache=buscarMusicas
2022-08-08 13:32:25,426 INFO org.hibernate.jpa.internal.util.LogHelper [main] HHH000204: Processing PersistenceUnitInfo [name: default]
2022-08-08 13:32:25,464 INFO org.hibernate.Version [main] HHH000412: Hibernate ORM core version 5.6.4.Final
2022-08-08 13:32:25,564 INFO org.hibernate.annotations.common.reflection.java.JavaReflectionManager [main] HCANN000001: Hibernate Commons Annotations {5.1.2.Final}
2022-08-08 13:32:25,621 INFO org.hibernate.dialect.Dialect [main] HHH000400: Using dialect: org.hibernate.dialect.SQLiteDialect
2022-08-08 13:32:26,122 INFO org.hibernate.engine.transaction.jta.platform.internal.JtaPlatformInitiator [main] HHH000490: Using JtaPlatform implementation: [org.hibernate.engine.transaction.jta.platform.internal.NoJtaPlatform]
2022-08-08 13:32:26,130 INFO org.springframework.orm.jpa.AbstractEntityManagerFactoryBean [main] Initialized JPA EntityManagerFactory for persistence unit 'default'
2022-08-08 13:32:26,584 WARN org.springframework.boot.autoconfigure.orm.jpa.JpaBaseConfiguration$JpaWebConfiguration [main] spring.jpa.open-in-view is enabled by default. Therefore, database queries may be performed during view rendering. Explicitly configure spring.jpa.open-in-view to disable this warning
2022-08-08 13:32:27,357 INFO org.springframework.boot.actuate.endpoint.web.EndpointLinksResolver [main] Exposing 1 endpoint(s) beneath base path '/actuator'
2022-08-08 13:32:27,379 INFO org.apache.juli.logging.DirectJDKLog [main] Starting ProtocolHandler ["http-nio-8080"]
2022-08-08 13:32:27,392 INFO org.springframework.boot.web.embedded.tomcat.TomcatWebServer [main] Tomcat started on port(s): 8080 (http) with context path ''
2022-08-08 13:32:27,403 INFO org.springframework.boot.StartupInfoLogger [main] Started SummitBootcampApplication in 4.135 seconds (JVM running for 4.614)
2022-08-08 13:43:12,125 INFO org.apache.juli.logging.DirectJDKLog [http-nio-8080-exec-1] Initializing Spring DispatcherServlet 'dispatcherServlet'
2022-08-08 13:43:12,125 INFO org.springframework.web.servlet.FrameworkServlet [http-nio-8080-exec-1] Initializing Servlet 'dispatcherServlet'
2022-08-08 13:43:12,126 INFO org.springframework.web.servlet.FrameworkServlet [http-nio-8080-exec-1] Completed initialization in 0 ms
2022-08-08 13:43:12,140 INFO com.ciandt.summit.bootcamp2022.interceptor.Interceptor [http-nio-8080-exec-1] Requisição interceptada: null
2022-08-08 13:43:12,157 INFO com.ciandt.summit.bootcamp2022.controller.UserController [http-nio-8080-exec-1] Executando GET - /api/usuario?id=21a2cb7c-8bbe-40b3-ae18-c02660e257b0
2022-08-08 13:43:12,157 INFO com.ciandt.summit.bootcamp2022.service.UsuarioServiceImp [http-nio-8080-exec-1] Buscando usuario com id: 21a2cb7c-8bbe-40b3-ae18-c02660e257b0
2022-08-08 13:43:12,190 INFO com.ciandt.summit.bootcamp2022.controller.UserController [http-nio-8080-exec-1] Busca realizada com sucesso - 200 OK
2022-08-08 13:43:17,588 INFO com.ciandt.summit.bootcamp2022.interceptor.Interceptor [http-nio-8080-exec-3] Requisição interceptada: null
2022-08-08 13:43:17,589 INFO com.ciandt.summit.bootcamp2022.controller.UserController [http-nio-8080-exec-3] Executando GET - /api/usuario?id=21a2cb7c-8bbe-40b3-ae18-c02660e257b0
2022-08-08 13:43:17,589 INFO com.ciandt.summit.bootcamp2022.service.UsuarioServiceImp [http-nio-8080-exec-3] Buscando usuario com id: 21a2cb7c-8bbe-40b3-ae18-c02660e257b0
2022-08-08 13:43:17,591 INFO com.ciandt.summit.bootcamp2022.controller.UserController [http-nio-8080-exec-3] Busca realizada com sucesso - 200 OK
2022-08-08 13:43:42,158 INFO com.ciandt.summit.bootcamp2022.interceptor.Interceptor [http-nio-8080-exec-4] Requisição interceptada: null
2022-08-08 13:43:42,159 INFO com.ciandt.summit.bootcamp2022.controller.UserController [http-nio-8080-exec-4] Executando GET - /api/usuario?id=21a2cb7c-8bbe-40b3-ae18-c02660e257b0
2022-08-08 13:43:42,159 INFO com.ciandt.summit.bootcamp2022.service.UsuarioServiceImp [http-nio-8080-exec-4] Buscando usuario com id: 21a2cb7c-8bbe-40b3-ae18-c02660e257b0
2022-08-08 13:43:42,161 INFO com.ciandt.summit.bootcamp2022.controller.UserController [http-nio-8080-exec-4] Busca realizada com sucesso - 200 OK
2022-08-08 13:43:44,189 INFO com.ciandt.summit.bootcamp2022.interceptor.Interceptor [http-nio-8080-exec-5] Requisição interceptada: null
2022-08-08 13:43:44,190 INFO com.ciandt.summit.bootcamp2022.controller.UserController [http-nio-8080-exec-5] Executando GET - /api/usuario?id=21a2cb7c-8bbe-40b3-ae18-c02660e257b0
2022-08-08 13:43:44,190 INFO com.ciandt.summit.bootcamp2022.service.UsuarioServiceImp [http-nio-8080-exec-5] Buscando usuario com id: 21a2cb7c-8bbe-40b3-ae18-c02660e257b0
2022-08-08 13:43:44,191 INFO com.ciandt.summit.bootcamp2022.controller.UserController [http-nio-8080-exec-5] Busca realizada com sucesso - 200 OK
2022-08-08 13:44:43,665 INFO com.ciandt.summit.bootcamp2022.interceptor.Interceptor [http-nio-8080-exec-6] Requisição interceptada: null
2022-08-08 13:44:43,665 INFO com.ciandt.summit.bootcamp2022.controller.UserController [http-nio-8080-exec-6] Executando GET - /api/usuario?id=c921280c-4ded-469e-b472-f28ca8dfb689
2022-08-08 13:44:43,665 INFO com.ciandt.summit.bootcamp2022.service.UsuarioServiceImp [http-nio-8080-exec-6] Buscando usuario com id: c921280c-4ded-469e-b472-f28ca8dfb689
2022-08-08 13:44:43,667 INFO com.ciandt.summit.bootcamp2022.controller.UserController [http-nio-8080-exec-6] Busca realizada com sucesso - 200 OK
2022-08-08 13:44:45,886 INFO com.ciandt.summit.bootcamp2022.interceptor.Interceptor [http-nio-8080-exec-7] Requisição interceptada: null
2022-08-08 13:44:45,887 INFO com.ciandt.summit.bootcamp2022.controller.UserController [http-nio-8080-exec-7] Executando GET - /api/usuario?id=21a2cb7c-8bbe-40b3-ae18-c02660e257b0
2022-08-08 13:44:45,887 INFO com.ciandt.summit.bootcamp2022.service.UsuarioServiceImp [http-nio-8080-exec-7] Buscando usuario com id: 21a2cb7c-8bbe-40b3-ae18-c02660e257b0
2022-08-08 13:44:45,888 INFO com.ciandt.summit.bootcamp2022.controller.UserController [http-nio-8080-exec-7] Busca realizada com sucesso - 200 OK
2022-08-08 13:44:48,485 INFO com.ciandt.summit.bootcamp2022.interceptor.Interceptor [http-nio-8080-exec-8] Requisição interceptada: null
2022-08-08 13:44:48,485 INFO com.ciandt.summit.bootcamp2022.controller.UserController [http-nio-8080-exec-8] Executando GET - /api/usuario?id=c921280c-4ded-469e-b472-f28ca8dfb689
2022-08-08 13:44:48,486 INFO com.ciandt.summit.bootcamp2022.service.UsuarioServiceImp [http-nio-8080-exec-8] Buscando usuario com id: c921280c-4ded-469e-b472-f28ca8dfb689
2022-08-08 13:44:48,487 INFO com.ciandt.summit.bootcamp2022.controller.UserController [http-nio-8080-exec-8] Busca realizada com sucesso - 200 OK
2022-08-08 13:45:07,357 INFO com.ciandt.summit.bootcamp2022.interceptor.Interceptor [http-nio-8080-exec-9] Requisição interceptada: null
2022-08-08 13:45:07,391 INFO com.ciandt.summit.bootcamp2022.controller.PlaylistController [http-nio-8080-exec-9] Executando POST - /playlists/0ca61061-1fa8-418e-8e17-8234fb38c7a8/musicas/21a2cb7c-8bbe-40b3-ae18-c02660e257b0
2022-08-08 13:45:07,391 INFO com.ciandt.summit.bootcamp2022.service.PlaylistServiceImp [http-nio-8080-exec-9] Buscando playlist com id: 0ca61061-1fa8-418e-8e17-8234fb38c7a8
2022-08-08 13:45:07,394 INFO com.ciandt.summit.bootcamp2022.service.UsuarioServiceImp [http-nio-8080-exec-9] Buscando usuario com id: 21a2cb7c-8bbe-40b3-ae18-c02660e257b0
2022-08-08 13:45:07,401 INFO com.ciandt.summit.bootcamp2022.service.MusicaServiceImp [http-nio-8080-exec-9] Buscando música com id: 0006426e-b0f0-4f0c-9746-216bf7634858
2022-08-08 13:45:07,403 INFO com.ciandt.summit.bootcamp2022.service.PlaylistServiceImp [http-nio-8080-exec-9] Validando payload do RequestBody
2022-08-08 13:45:07,455 INFO com.ciandt.summit.bootcamp2022.controller.PlaylistController [http-nio-8080-exec-9] Música Adicionada - 201 OK
2022-08-08 13:45:09,779 INFO com.ciandt.summit.bootcamp2022.interceptor.Interceptor [http-nio-8080-exec-10] Requisição interceptada: null
2022-08-08 13:45:09,780 INFO com.ciandt.summit.bootcamp2022.controller.PlaylistController [http-nio-8080-exec-10] Executando POST - /playlists/0ca61061-1fa8-418e-8e17-8234fb38c7a8/musicas/21a2cb7c-8bbe-40b3-ae18-c02660e257b0
2022-08-08 13:45:09,781 INFO com.ciandt.summit.bootcamp2022.service.PlaylistServiceImp [http-nio-8080-exec-10] Buscando playlist com id: 0ca61061-1fa8-418e-8e17-8234fb38c7a8
2022-08-08 13:45:09,782 INFO com.ciandt.summit.bootcamp2022.service.UsuarioServiceImp [http-nio-8080-exec-10] Buscando usuario com id: 21a2cb7c-8bbe-40b3-ae18-c02660e257b0
2022-08-08 13:45:09,783 INFO com.ciandt.summit.bootcamp2022.service.MusicaServiceImp [http-nio-8080-exec-10] Buscando música com id: 0006426e-b0f0-4f0c-9746-216bf7634858
2022-08-08 13:45:09,785 INFO com.ciandt.summit.bootcamp2022.service.PlaylistServiceImp [http-nio-8080-exec-10] Validando payload do RequestBody
2022-08-08 13:45:09,788 ERROR com.ciandt.summit.bootcamp2022.exception.ExceptionService [http-nio-8080-exec-10] Não é permitido salvar a mesma música duas vezes. - 403 FORBIDDEN
2022-08-08 14:48:00,935 INFO com.ciandt.summit.bootcamp2022.interceptor.Interceptor [http-nio-8080-exec-3] Requisição interceptada: null
2022-08-08 14:48:00,938 INFO com.ciandt.summit.bootcamp2022.controller.PlaylistController [http-nio-8080-exec-3] Executando POST - /playlists/654bbc71-3a9c-4434-a95d-4208f713e586/musicas/a80678e5-d0d3-4414-8e22-c0b3f1ba2b87
2022-08-08 14:48:00,938 INFO com.ciandt.summit.bootcamp2022.service.PlaylistServiceImp [http-nio-8080-exec-3] Buscando playlist com id: 654bbc71-3a9c-4434-a95d-4208f713e586
2022-08-08 14:48:00,940 INFO com.ciandt.summit.bootcamp2022.service.UsuarioServiceImp [http-nio-8080-exec-3] Buscando usuario com id: a80678e5-d0d3-4414-8e22-c0b3f1ba2b87
2022-08-08 14:48:00,944 INFO com.ciandt.summit.bootcamp2022.service.MusicaServiceImp [http-nio-8080-exec-3] Buscando música com id: 67f5976c-eb1e-404e-8220-2c2a8a23be47
2022-08-08 14:48:00,946 INFO com.ciandt.summit.bootcamp2022.service.PlaylistServiceImp [http-nio-8080-exec-3] Validando payload do RequestBody
2022-08-08 14:48:00,956 INFO com.ciandt.summit.bootcamp2022.controller.PlaylistController [http-nio-8080-exec-3] Música Adicionada - 201 OK
2022-08-08 14:48:04,264 INFO com.ciandt.summit.bootcamp2022.interceptor.Interceptor [http-nio-8080-exec-4] Requisição interceptada: null
2022-08-08 14:48:04,265 INFO com.ciandt.summit.bootcamp2022.controller.PlaylistController [http-nio-8080-exec-4] Executando POST - /playlists/654bbc71-3a9c-4434-a95d-4208f713e586/musicas/a80678e5-d0d3-4414-8e22-c0b3f1ba2b87
2022-08-08 14:48:04,265 INFO com.ciandt.summit.bootcamp2022.service.PlaylistServiceImp [http-nio-8080-exec-4] Buscando playlist com id: 654bbc71-3a9c-4434-a95d-4208f713e586
2022-08-08 14:48:04,266 INFO com.ciandt.summit.bootcamp2022.service.UsuarioServiceImp [http-nio-8080-exec-4] Buscando usuario com id: a80678e5-d0d3-4414-8e22-c0b3f1ba2b87
2022-08-08 14:48:04,269 ERROR com.ciandt.summit.bootcamp2022.exception.ExceptionService [http-nio-8080-exec-4] Você atingiu o número máximo de músicas em sua playlist.Para adicionar mais músicas contrate o plano Premium. (a80678e5-d0d3-4414-8e22-c0b3f1ba2b87) - 401 UNAUTHORIZED
2022-08-08 14:55:33,217 INFO com.ciandt.summit.bootcamp2022.interceptor.Interceptor [http-nio-8080-exec-7] Requisição interceptada: null
2022-08-08 14:55:33,218 INFO com.ciandt.summit.bootcamp2022.controller.UserController [http-nio-8080-exec-7] Executando GET - /api/usuario?id=21a2cb7c-8bbe-40b3-ae18-c02660e257b0
2022-08-08 14:55:33,218 INFO com.ciandt.summit.bootcamp2022.service.UsuarioServiceImp [http-nio-8080-exec-7] Buscando usuario com id: 21a2cb7c-8bbe-40b3-ae18-c02660e257b0
2022-08-08 14:55:33,219 INFO com.ciandt.summit.bootcamp2022.controller.UserController [http-nio-8080-exec-7] Busca realizada com sucesso - 200 OK
2022-08-08 14:55:39,658 INFO com.ciandt.summit.bootcamp2022.interceptor.Interceptor [http-nio-8080-exec-8] Requisição interceptada: null
2022-08-08 14:55:39,660 INFO com.ciandt.summit.bootcamp2022.controller.PlaylistController [http-nio-8080-exec-8] Executando POST - /playlists/0ca61061-1fa8-418e-8e17-8234fb38c7a8/musicas/21a2cb7c-8bbe-40b3-ae18-c02660e257b0
2022-08-08 14:55:39,660 INFO com.ciandt.summit.bootcamp2022.service.PlaylistServiceImp [http-nio-8080-exec-8] Buscando playlist com id: 0ca61061-1fa8-418e-8e17-8234fb38c7a8
2022-08-08 14:55:39,661 INFO com.ciandt.summit.bootcamp2022.service.UsuarioServiceImp [http-nio-8080-exec-8] Buscando usuario com id: 21a2cb7c-8bbe-40b3-ae18-c02660e257b0
2022-08-08 14:55:39,662 INFO com.ciandt.summit.bootcamp2022.service.MusicaServiceImp [http-nio-8080-exec-8] Buscando música com id: 0006426e-b0f0-4f0c-9746-216bf7634858
2022-08-08 14:55:39,662 INFO com.ciandt.summit.bootcamp2022.service.PlaylistServiceImp [http-nio-8080-exec-8] Validando payload do RequestBody
2022-08-08 14:55:39,663 ERROR com.ciandt.summit.bootcamp2022.exception.ExceptionService [http-nio-8080-exec-8] Não é permitido salvar a mesma música duas vezes. - 403 FORBIDDEN
2022-08-08 14:56:01,204 INFO com.ciandt.summit.bootcamp2022.interceptor.Interceptor [http-nio-8080-exec-9] Requisição interceptada: null
2022-08-08 14:56:01,207 INFO com.ciandt.summit.bootcamp2022.controller.PlaylistController [http-nio-8080-exec-9] Executando POST - /playlists/0ca61061-1fa8-418e-8e17-8234fb38c7a8/musicas/21a2cb7c-8bbe-40b3-ae18-c02660e257b0
2022-08-08 14:56:01,207 INFO com.ciandt.summit.bootcamp2022.service.PlaylistServiceImp [http-nio-8080-exec-9] Buscando playlist com id: 0ca61061-1fa8-418e-8e17-8234fb38c7a8
2022-08-08 14:56:01,209 INFO com.ciandt.summit.bootcamp2022.service.UsuarioServiceImp [http-nio-8080-exec-9] Buscando usuario com id: 21a2cb7c-8bbe-40b3-ae18-c02660e257b0
2022-08-08 14:56:01,210 INFO com.ciandt.summit.bootcamp2022.service.MusicaServiceImp [http-nio-8080-exec-9] Buscando música com id: 67f5976c-eb1e-404e-8220-2c2a8a23be47
2022-08-08 14:56:01,211 INFO com.ciandt.summit.bootcamp2022.service.PlaylistServiceImp [http-nio-8080-exec-9] Validando payload do RequestBody
2022-08-08 14:56:01,213 ERROR com.ciandt.summit.bootcamp2022.exception.ExceptionService [http-nio-8080-exec-9] Não é permitido salvar a mesma música duas vezes. - 403 FORBIDDEN
2022-08-08 14:56:09,631 INFO com.ciandt.summit.bootcamp2022.interceptor.Interceptor [http-nio-8080-exec-10] Requisição interceptada: null
2022-08-08 14:56:09,635 INFO com.ciandt.summit.bootcamp2022.controller.MusicController [http-nio-8080-exec-10] Executando GET - /api/musicas?filtro=mars
2022-08-08 14:56:09,639 INFO com.ciandt.summit.bootcamp2022.service.MusicaServiceImp [http-nio-8080-exec-10] Buscando musicas com o filtro: mars
2022-08-08 14:56:09,731 INFO com.ciandt.summit.bootcamp2022.service.MusicaServiceImp [http-nio-8080-exec-10] Ordenando as musicas encontradas
2022-08-08 14:56:09,736 INFO com.ciandt.summit.bootcamp2022.controller.MusicController [http-nio-8080-exec-10] Busca realizada com sucesso - 200 OK
2022-08-08 14:56:53,529 INFO com.ciandt.summit.bootcamp2022.interceptor.Interceptor [http-nio-8080-exec-2] Requisição interceptada: null
2022-08-08 14:56:53,531 INFO com.ciandt.summit.bootcamp2022.controller.PlaylistController [http-nio-8080-exec-2] Executando POST - /playlists/0ca61061-1fa8-418e-8e17-8234fb38c7a8/musicas/21a2cb7c-8bbe-40b3-ae18-c02660e257b0
2022-08-08 14:56:53,531 INFO com.ciandt.summit.bootcamp2022.service.PlaylistServiceImp [http-nio-8080-exec-2] Buscando playlist com id: 0ca61061-1fa8-418e-8e17-8234fb38c7a8
2022-08-08 14:56:53,532 INFO com.ciandt.summit.bootcamp2022.service.UsuarioServiceImp [http-nio-8080-exec-2] Buscando usuario com id: 21a2cb7c-8bbe-40b3-ae18-c02660e257b0
2022-08-08 14:56:53,534 INFO com.ciandt.summit.bootcamp2022.service.MusicaServiceImp [http-nio-8080-exec-2] Buscando música com id: 066af983-2868-4857-a5d8-09b80147100c
2022-08-08 14:56:53,535 INFO com.ciandt.summit.bootcamp2022.service.PlaylistServiceImp [http-nio-8080-exec-2] Validando payload do RequestBody
2022-08-08 14:56:53,558 INFO com.ciandt.summit.bootcamp2022.controller.PlaylistController [http-nio-8080-exec-2] Música Adicionada - 201 OK
2022-08-08 14:57:06,595 INFO com.ciandt.summit.bootcamp2022.interceptor.Interceptor [http-nio-8080-exec-1] Requisição interceptada: null
2022-08-08 14:57:06,601 INFO com.ciandt.summit.bootcamp2022.interceptor.Interceptor [http-nio-8080-exec-1] Requisição interceptada: null
2022-08-08 14:57:21,860 INFO com.ciandt.summit.bootcamp2022.interceptor.Interceptor [http-nio-8080-exec-3] Requisição interceptada: null
2022-08-08 14:57:21,863 INFO com.ciandt.summit.bootcamp2022.interceptor.Interceptor [http-nio-8080-exec-3] Requisição interceptada: null
2022-08-08 14:57:32,966 INFO com.ciandt.summit.bootcamp2022.interceptor.Interceptor [http-nio-8080-exec-4] Requisição interceptada: null
2022-08-08 14:57:32,968 INFO com.ciandt.summit.bootcamp2022.interceptor.Interceptor [http-nio-8080-exec-4] Requisição interceptada: null
2022-08-08 15:02:35,534 INFO com.ciandt.summit.bootcamp2022.interceptor.Interceptor [http-nio-8080-exec-7] Requisição interceptada: null
2022-08-08 15:02:35,535 INFO com.ciandt.summit.bootcamp2022.controller.PlaylistController [http-nio-8080-exec-7] Executando POST - /playlists/654bbc71-3a9c-4434-a95d-4208f713e586/musicas/a80678e5-d0d3-4414-8e22-c0b3f1ba2b87
2022-08-08 15:02:35,536 INFO com.ciandt.summit.bootcamp2022.service.PlaylistServiceImp [http-nio-8080-exec-7] Buscando playlist com id: 654bbc71-3a9c-4434-a95d-4208f713e586
2022-08-08 15:02:35,537 INFO com.ciandt.summit.bootcamp2022.service.UsuarioServiceImp [http-nio-8080-exec-7] Buscando usuario com id: a80678e5-d0d3-4414-8e22-c0b3f1ba2b87
2022-08-08 15:02:35,540 ERROR com.ciandt.summit.bootcamp2022.exception.ExceptionService [http-nio-8080-exec-7] Você atingiu o número máximo de músicas em sua playlist.Para adicionar mais músicas contrate o plano Premium. (a80678e5-d0d3-4414-8e22-c0b3f1ba2b87) - 401 UNAUTHORIZED
2022-08-08 15:21:51,242 INFO com.ciandt.summit.bootcamp2022.interceptor.Interceptor [http-nio-8080-exec-10] Requisição interceptada: null
2022-08-08 15:21:51,243 INFO com.ciandt.summit.bootcamp2022.controller.PlaylistController [http-nio-8080-exec-10] Executando POST - /playlists/0ca61061-1fa8-418e-8e17-8234fb38c7a8/musicas/a80678e5-d0d3-4414-8e22-c0b3f1ba2b87
2022-08-08 15:21:51,243 INFO com.ciandt.summit.bootcamp2022.service.PlaylistServiceImp [http-nio-8080-exec-10] Buscando playlist com id: 0ca61061-1fa8-418e-8e17-8234fb38c7a8
2022-08-08 15:21:51,244 INFO com.ciandt.summit.bootcamp2022.service.UsuarioServiceImp [http-nio-8080-exec-10] Buscando usuario com id: a80678e5-d0d3-4414-8e22-c0b3f1ba2b87
2022-08-08 15:21:51,246 ERROR com.ciandt.summit.bootcamp2022.exception.ExceptionService [http-nio-8080-exec-10] A Playlist (0ca61061-1fa8-418e-8e17-8234fb38c7a8) não pertence ao usuário (a80678e5-d0d3-4414-8e22-c0b3f1ba2b87) - 401 UNAUTHORIZED
2022-08-08 15:25:59,629 INFO com.ciandt.summit.bootcamp2022.interceptor.Interceptor [http-nio-8080-exec-3] Requisição interceptada: null
2022-08-08 15:25:59,630 INFO com.ciandt.summit.bootcamp2022.controller.UserController [http-nio-8080-exec-3] Executando GET - /api/usuario?id=c921280c-4ded-469e-b472-f28ca8dfb689
2022-08-08 15:25:59,630 INFO com.ciandt.summit.bootcamp2022.service.UsuarioServiceImp [http-nio-8080-exec-3] Buscando usuario com id: c921280c-4ded-469e-b472-f28ca8dfb689
2022-08-08 15:25:59,631 INFO com.ciandt.summit.bootcamp2022.controller.UserController [http-nio-8080-exec-3] Busca realizada com sucesso - 200 OK
2022-08-08 15:26:04,864 INFO com.ciandt.summit.bootcamp2022.interceptor.Interceptor [http-nio-8080-exec-4] Requisição interceptada: null
2022-08-08 15:26:04,865 INFO com.ciandt.summit.bootcamp2022.controller.UserController [http-nio-8080-exec-4] Executando GET - /api/usuario?id=21a2cb7c-8bbe-40b3-ae18-c02660e257b0
2022-08-08 15:26:04,865 INFO com.ciandt.summit.bootcamp2022.service.UsuarioServiceImp [http-nio-8080-exec-4] Buscando usuario com id: 21a2cb7c-8bbe-40b3-ae18-c02660e257b0
2022-08-08 15:26:04,867 INFO com.ciandt.summit.bootcamp2022.controller.UserController [http-nio-8080-exec-4] Busca realizada com sucesso - 200 OK
2022-08-08 15:26:15,752 INFO com.ciandt.summit.bootcamp2022.interceptor.Interceptor [http-nio-8080-exec-5] Requisição interceptada: null
2022-08-08 15:26:15,754 INFO com.ciandt.summit.bootcamp2022.controller.PlaylistController [http-nio-8080-exec-5] Executando POST - /playlists/654bbc71-3a9c-4434-a95d-4208f713e586/musicas/a80678e5-d0d3-4414-8e22-c0b3f1ba2b87
2022-08-08 15:26:15,755 INFO com.ciandt.summit.bootcamp2022.service.PlaylistServiceImp [http-nio-8080-exec-5] Buscando playlist com id: 654bbc71-3a9c-4434-a95d-4208f713e586
2022-08-08 15:26:15,756 INFO com.ciandt.summit.bootcamp2022.service.UsuarioServiceImp [http-nio-8080-exec-5] Buscando usuario com id: a80678e5-d0d3-4414-8e22-c0b3f1ba2b87
2022-08-08 15:26:15,757 INFO com.ciandt.summit.bootcamp2022.service.MusicaServiceImp [http-nio-8080-exec-5] Buscando música com id: 67f5976c-eb1e-404e-8220-2c2a8a23be47
2022-08-08 15:26:15,759 INFO com.ciandt.summit.bootcamp2022.service.PlaylistServiceImp [http-nio-8080-exec-5] Validando payload do RequestBody
2022-08-08 15:26:15,790 INFO com.ciandt.summit.bootcamp2022.controller.PlaylistController [http-nio-8080-exec-5] Música Adicionada - 201 OK
2022-08-08 15:26:18,464 INFO com.ciandt.summit.bootcamp2022.interceptor.Interceptor [http-nio-8080-exec-6] Requisição interceptada: null
2022-08-08 15:26:18,465 INFO com.ciandt.summit.bootcamp2022.controller.PlaylistController [http-nio-8080-exec-6] Executando POST - /playlists/654bbc71-3a9c-4434-a95d-4208f713e586/musicas/a80678e5-d0d3-4414-8e22-c0b3f1ba2b87
2022-08-08 15:26:18,465 INFO com.ciandt.summit.bootcamp2022.service.PlaylistServiceImp [http-nio-8080-exec-6] Buscando playlist com id: 654bbc71-3a9c-4434-a95d-4208f713e586
2022-08-08 15:26:18,467 INFO com.ciandt.summit.bootcamp2022.service.UsuarioServiceImp [http-nio-8080-exec-6] Buscando usuario com id: a80678e5-d0d3-4414-8e22-c0b3f1ba2b87
2022-08-08 15:26:18,469 ERROR com.ciandt.summit.bootcamp2022.exception.ExceptionService [http-nio-8080-exec-6] Você atingiu o número máximo de músicas em sua playlist.Para adicionar mais músicas contrate o plano Premium. (a80678e5-d0d3-4414-8e22-c0b3f1ba2b87) - 401 UNAUTHORIZED
2022-08-08 15:27:06,072 INFO com.ciandt.summit.bootcamp2022.interceptor.Interceptor [http-nio-8080-exec-7] Requisição interceptada: null
2022-08-08 15:27:06,073 INFO com.ciandt.summit.bootcamp2022.controller.PlaylistController [http-nio-8080-exec-7] Executando POST - /playlists/0ca61061-1fa8-418e-8e17-8234fb38c7a8/musicas/21a2cb7c-8bbe-40b3-ae18-c02660e257b0
2022-08-08 15:27:06,073 INFO com.ciandt.summit.bootcamp2022.service.PlaylistServiceImp [http-nio-8080-exec-7] Buscando playlist com id: 0ca61061-1fa8-418e-8e17-8234fb38c7a8
2022-08-08 15:27:06,074 INFO com.ciandt.summit.bootcamp2022.service.UsuarioServiceImp [http-nio-8080-exec-7] Buscando usuario com id: 21a2cb7c-8bbe-40b3-ae18-c02660e257b0
2022-08-08 15:27:06,075 INFO com.ciandt.summit.bootcamp2022.service.MusicaServiceImp [http-nio-8080-exec-7] Buscando música com id: 066af983-2868-4857-a5d8-09b80147100c
2022-08-08 15:27:06,075 INFO com.ciandt.summit.bootcamp2022.service.PlaylistServiceImp [http-nio-8080-exec-7] Validando payload do RequestBody
2022-08-08 15:27:06,086 INFO com.ciandt.summit.bootcamp2022.controller.PlaylistController [http-nio-8080-exec-7] Música Adicionada - 201 OK
2022-08-08 15:27:09,020 INFO com.ciandt.summit.bootcamp2022.interceptor.Interceptor [http-nio-8080-exec-8] Requisição interceptada: null
2022-08-08 15:27:09,021 INFO com.ciandt.summit.bootcamp2022.controller.PlaylistController [http-nio-8080-exec-8] Executando POST - /playlists/0ca61061-1fa8-418e-8e17-8234fb38c7a8/musicas/21a2cb7c-8bbe-40b3-ae18-c02660e257b0
2022-08-08 15:27:09,022 INFO com.ciandt.summit.bootcamp2022.service.PlaylistServiceImp [http-nio-8080-exec-8] Buscando playlist com id: 0ca61061-1fa8-418e-8e17-8234fb38c7a8
2022-08-08 15:27:09,023 INFO com.ciandt.summit.bootcamp2022.service.UsuarioServiceImp [http-nio-8080-exec-8] Buscando usuario com id: 21a2cb7c-8bbe-40b3-ae18-c02660e257b0
2022-08-08 15:27:09,025 INFO com.ciandt.summit.bootcamp2022.service.MusicaServiceImp [http-nio-8080-exec-8] Buscando música com id: 066af983-2868-4857-a5d8-09b80147100c
2022-08-08 15:27:09,027 INFO com.ciandt.summit.bootcamp2022.service.PlaylistServiceImp [http-nio-8080-exec-8] Validando payload do RequestBody
2022-08-08 15:27:09,027 ERROR com.ciandt.summit.bootcamp2022.exception.ExceptionService [http-nio-8080-exec-8] Não é permitido salvar a mesma música duas vezes. - 403 FORBIDDEN
2022-08-08 15:27:15,729 INFO com.ciandt.summit.bootcamp2022.interceptor.Interceptor [http-nio-8080-exec-9] Requisição interceptada: null
2022-08-08 15:27:15,729 INFO com.ciandt.summit.bootcamp2022.controller.MusicController [http-nio-8080-exec-9] Executando GET - /api/musicas?filtro=mars
2022-08-08 15:27:15,730 INFO com.ciandt.summit.bootcamp2022.service.MusicaServiceImp [http-nio-8080-exec-9] Buscando musicas com o filtro: mars
2022-08-08 15:27:15,743 INFO com.ciandt.summit.bootcamp2022.service.MusicaServiceImp [http-nio-8080-exec-9] Ordenando as musicas encontradas
2022-08-08 15:27:15,744 INFO com.ciandt.summit.bootcamp2022.controller.MusicController [http-nio-8080-exec-9] Busca realizada com sucesso - 200 OK
2022-08-08 15:27:32,092 INFO com.ciandt.summit.bootcamp2022.interceptor.Interceptor [http-nio-8080-exec-10] Requisição interceptada: null
2022-08-08 15:27:32,093 INFO com.ciandt.summit.bootcamp2022.controller.PlaylistController [http-nio-8080-exec-10] Executando POST - /playlists/0ca61061-1fa8-418e-8e17-8234fb38c7a8/musicas/a80678e5-d0d3-4414-8e22-c0b3f1ba2b87
2022-08-08 15:27:32,093 INFO com.ciandt.summit.bootcamp2022.service.PlaylistServiceImp [http-nio-8080-exec-10] Buscando playlist com id: 0ca61061-1fa8-418e-8e17-8234fb38c7a8
2022-08-08 15:27:32,094 INFO com.ciandt.summit.bootcamp2022.service.UsuarioServiceImp [http-nio-8080-exec-10] Buscando usuario com id: a80678e5-d0d3-4414-8e22-c0b3f1ba2b87
2022-08-08 15:27:32,095 ERROR com.ciandt.summit.bootcamp2022.exception.ExceptionService [http-nio-8080-exec-10] A Playlist (0ca61061-1fa8-418e-8e17-8234fb38c7a8) não pertence ao usuário (a80678e5-d0d3-4414-8e22-c0b3f1ba2b87) - 401 UNAUTHORIZED
2022-08-08 15:28:15,383 INFO com.ciandt.summit.bootcamp2022.interceptor.Interceptor [http-nio-8080-exec-2] Requisição interceptada: null
2022-08-08 15:28:15,384 INFO com.ciandt.summit.bootcamp2022.controller.PlaylistController [http-nio-8080-exec-2] Executando POST - /playlists/654bbc71-3a9c-4434-a95d-4208f713e586/musicas/a80678e5-d0d3-4414-8e22-c0b3f1ba2b8
2022-08-08 15:28:15,384 INFO com.ciandt.summit.bootcamp2022.service.PlaylistServiceImp [http-nio-8080-exec-2] Buscando playlist com id: 654bbc71-3a9c-4434-a95d-4208f713e586
2022-08-08 15:28:15,386 INFO com.ciandt.summit.bootcamp2022.service.UsuarioServiceImp [http-nio-8080-exec-2] Buscando usuario com id: a80678e5-d0d3-4414-8e22-c0b3f1ba2b8
2022-08-08 15:28:15,389 ERROR com.ciandt.summit.bootcamp2022.exception.ExceptionService [http-nio-8080-exec-2] O não encontrado (a80678e5-d0d3-4414-8e22-c0b3f1ba2b8) - 204 NO_CONTENT
2022-08-08 15:28:23,866 INFO com.ciandt.summit.bootcamp2022.interceptor.Interceptor [http-nio-8080-exec-1] Requisição interceptada: null
2022-08-08 15:28:23,867 INFO com.ciandt.summit.bootcamp2022.controller.PlaylistController [http-nio-8080-exec-1] Executando POST - /playlists/654bbc71-3a9c-4434-a95d-4208f713e56/musicas/a80678e5-d0d3-4414-8e22-c0b3f1ba2b87
2022-08-08 15:28:23,867 INFO com.ciandt.summit.bootcamp2022.service.PlaylistServiceImp [http-nio-8080-exec-1] Buscando playlist com id: 654bbc71-3a9c-4434-a95d-4208f713e56
2022-08-08 15:28:23,869 ERROR com.ciandt.summit.bootcamp2022.exception.ExceptionService [http-nio-8080-exec-1] A playlist com o ID (654bbc71-3a9c-4434-a95d-4208f713e56) não existe. - 400 BAD_REQUEST
2022-08-08 16:50:52,533 INFO org.springframework.orm.jpa.AbstractEntityManagerFactoryBean [SpringApplicationShutdownHook] Closing JPA EntityManagerFactory for persistence unit 'default'
2022-08-08 16:50:52,536 INFO org.ehcache.core.EhcacheManager [SpringApplicationShutdownHook] Cache 'buscarMusicas' removed from EhcacheManager.
